<?xml version="1.0" encoding="UTF-8"?>
<robot generator="Robot 4.1.1 (Python 3.9.7 on win32)" generated="20221101 21:14:41.078" rpa="false" schemaversion="2">
<suite id="s1" name="Api" source="D:\Challange\eno-qa-challange-1\e2e\api.robot">
<test id="s1-t1" name="Test Challenge 2">
<kw name="open session" type="SETUP">
<kw name="Create Session" library="RequestsLibrary">
<arg>api</arg>
<arg>${pet_base_url}</arg>
<doc>Create Session: create a HTTP session to a server</doc>
<msg timestamp="20221101 21:14:41.178" level="INFO">Creating Session using : alias=api, url=https://petstore3.swagger.io, headers={},                     cookies={}, auth=None, timeout=None, proxies=None, verify=False,                     debug=0 </msg>
<status status="PASS" starttime="20221101 21:14:41.178" endtime="20221101 21:14:41.179"/>
</kw>
<status status="PASS" starttime="20221101 21:14:41.177" endtime="20221101 21:14:41.179"/>
</kw>
<kw name="GET On Session" library="RequestsLibrary">
<var>${resp}</var>
<arg>api</arg>
<arg>/api/v3/pet/findByStatus</arg>
<arg>params=status=available</arg>
<doc>Sends a GET request on a previously created HTTP Session.</doc>
<msg timestamp="20221101 21:14:45.017" level="INFO">GET Request : url=https://petstore3.swagger.io/api/v3/pet/findByStatus?status=available 
 path_url=/api/v3/pet/findByStatus?status=available 
 headers={'User-Agent': 'python-requests/2.26.0', 'Accept-Encoding': 'gzip, deflate, br', 'Accept': '*/*', 'Connection': 'keep-alive'} 
 body=None 
 </msg>
<msg timestamp="20221101 21:14:45.017" level="INFO">GET Response : url=https://petstore3.swagger.io/api/v3/pet/findByStatus?status=available 
 status=200, reason=OK 
 headers={'Date': 'Tue, 01 Nov 2022 18:14:42 GMT', 'Content-Type': 'application/json', 'Transfer-Encoding': 'chunked', 'Connection': 'keep-alive', 'Access-Control-Allow-Origin': '*', 'Access-Control-Allow-Methods': 'GET, POST, DELETE, PUT', 'Access-Control-Allow-Headers': 'Content-Type, api_key, Authorization', 'Access-Control-Expose-Headers': 'Content-Disposition', 'Server': 'Jetty(9.4.9.v20180320)'} 
 body=[{"id":4,"category":{"id":1,"name":"Dogs"},"name":"Dog 1","photoUrls":["url1","url2"],"tags":[{"id":1,"name":"tag1"},{"id":2,"name":"tag2"}],"status":"available"},{"id":7,"category":{"id":4,"name":"Lions"},"name":"Lion 1","photoUrls":["url1","url2"],"tags":[{"id":1,"name":"tag1"},{"id":2,"name":"tag2"}],"status":"available"},{"id":13,"category":{"id":1,"name":"Dogs"},"name":"Minimus IV","photoUrls":[],"tags":[],"status":"available"},{"id":0,"category":{"id":0,"name":"string"},"name":"","photoUrls":["string"],"tags":[{"id":0,"name":"string"}],"status":"available"},{"id":14376147,"category":{"id":76,"name":"testCategory"},"name":"testName","photoUrls":["ullamco aute","mollit amet sint dolor","irure ipsum"],"tags":[{"id":26,"name":"testTag1"},{"id":30,"name":"testTag2"}],"status":"available"},{"id":26267476,"category":{"id":76,"name":"testCategory"},"name":"testName","photoUrls":["ullamco aute","mollit amet sint dolor","irure ipsum"],"tags":[{"id":26,"name":"testTag1"},{"id":30,"name":"testTag2"}],"status":"available"},{"id":19934704,"category":{"id":76,"name":"testCategory"},"name":"testName","photoUrls":["ullamco aute","mollit amet sint dolor","irure ipsum"],"tags":[{"id":26,"name":"testTag1"},{"id":30,"name":"testTag2"}],"status":"available"},{"id":16561227,"category":{"id":76,"name":"testCategory"},"name":"testName","photoUrls":["ullamco aute","mollit amet sint dolor","irure ipsum"],"tags":[{"id":26,"name":"testTag1"},{"id":30,"name":"testTag2"}],"status":"available"},{"id":27529600,"category":{"id":76,"name":"testCategory"},"name":"testName","photoUrls":["ullamco aute","mollit amet sint dolor","irure ipsum"],"tags":[{"id":26,"name":"testTag1"},{"id":30,"name":"testTag2"}],"status":"available"},{"id":17423001,"category":{"id":76,"name":"testCategory"},"name":"testName","photoUrls":["ullamco aute","mollit amet sint dolor","irure ipsum"],"tags":[{"id":26,"name":"testTag1"},{"id":30,"name":"testTag2"}],"status":"available"},{"id":26858474,"category":{"id":76,"name":"testCategory"},"name":"testName","photoUrls":["ullamco aute","mollit amet sint dolor","irure ipsum"],"tags":[{"id":26,"name":"testTag1"},{"id":30,"name":"testTag2"}],"status":"available"},{"id":18615903,"category":{"id":76,"name":"testCategory"},"name":"testName","photoUrls":["ullamco aute","mollit amet sint dolor","irure ipsum"],"tags":[{"id":26,"name":"testTag1"},{"id":30,"name":"testTag2"}],"status":"available"},{"id":24861564,"category":{"id":76,"name":"testCategory"},"name":"testName","photoUrls":["ullamco aute","mollit amet sint dolor","irure ipsum"],"tags":[{"id":26,"name":"testTag1"},{"id":30,"name":"testTag2"}],"status":"available"},{"id":20399342,"category":{"id":76,"name":"testCategory"},"name":"testName","photoUrls":["ullamco aute","mollit amet sint dolor","irure ipsum"],"tags":[{"id":26,"name":"testTag1"},{"id":30,"name":"testTag2"}],"status":"available"},{"id":25865183,"category":{"id":76,"name":"testCategory"},"name":"testName","photoUrls":["ullamco aute","mollit amet sint dolor","irure ipsum"],"tags":[{"id":26,"name":"testTag1"},{"id":30,"name":"testTag2"}],"status":"available"},{"id":19225411,"category":{"id":76,"name":"testCategory"},"name":"testName","photoUrls":["ullamco aute","mollit amet sint dolor","irure ipsum"],"tags":[{"id":26,"name":"testTag1"},{"id":30,"name":"testTag2"}],"status":"available"},{"id":14189737,"category":{"id":76,"name":"testCategory"},"name":"testName","photoUrls":["ullamco aute","mollit amet sint dolor","irure ipsum"],"tags":[{"id":26,"name":"testTag1"},{"id":30,"name":"testTag2"}],"status":"available"},{"id":16139383,"category":{"id":76,"name":"testCategory"},"name":"testName","photoUrls":["ullamco aute","mollit amet sint dolor","irure ipsum"],"tags":[{"id":26,"name":"testTag1"},{"id":30,"name":"testTag2"}],"status":"available"},{"id":26834801,"category":{"id":76,"name":"testCategory"},"name":"testName","photoUrls":["ullamco aute","mollit amet sint dolor","irure ipsum"],"tags":[{"id":26,"name":"testTag1"},{"id":30,"name":"testTag2"}],"status":"available"},{"id":10151218,"category":{"id":76,"name":"testCategory"},"name":"testName","photoUrls":["ullamco aute","mollit amet sint dolor","irure ipsum"],"tags":[{"id":26,"name":"testTag1"},{"id":30,"name":"testTag2"}],"status":"available"},{"id":29878491,"category":{"id":76,"name":"testCategory"},"name":"testName","photoUrls":["ullamco aute","mollit amet sint dolor","irure ipsum"],"tags":[{"id":26,"name":"testTag1"},{"id":30,"name":"testTag2"}],"status":"available"},{"id":14592999,"category":{"id":76,"name":"testCategory"},"name":"testName","photoUrls":["ullamco aute","mollit amet sint dolor","irure ipsum"],"tags":[{"id":26,"name":"testTag1"},{"id":30,"name":"testTag2"}],"status":"available"},{"id":25475725,"category":{"id":76,"name":"testCategory"},"name":"testName","photoUrls":["ullamco aute","mollit amet sint dolor","irure ipsum"],"tags":[{"id":26,"name":"testTag1"},{"id":30,"name":"testTag2"}],"status":"available"},{"id":20117583,"category":{"id":76,"name":"testCategory"},"name":"testName","photoUrls":["ullamco aute","mollit amet sint dolor","irure ipsum"],"tags":[{"id":26,"name":"testTag1"},{"id":30,"name":"testTag2"}],"status":"available"},{"id":23858816,"category":{"id":76,"name":"testCategory"},"name":"testName","photoUrls":["ullamco aute","mollit amet sint dolor","irure ipsum"],"tags":[{"id":26,"name":"testTag1"},{"id":30,"name":"testTag2"}],"status":"available"},{"id":10448860,"category":{"id":76,"name":"testCategory"},"name":"testName","photoUrls":["ullamco aute","mollit amet sint dolor","irure ipsum"],"tags":[{"id":26,"name":"testTag1"},{"id":30,"name":"testTag2"}],"status":"available"},{"id":18150267,"category":{"id":76,"name":"testCategory"},"name":"testName","photoUrls":["ullamco aute","mollit amet sint dolor","irure ipsum"],"tags":[{"id":26,"name":"testTag1"},{"id":30,"name":"testTag2"}],"status":"available"},{"id":21012132,"category":{"id":76,"name":"testCategory"},"name":"testName","photoUrls":["ullamco aute","mollit amet sint dolor","irure ipsum"],"tags":[{"id":26,"name":"testTag1"},{"id":30,"name":"testTag2"}],"status":"available"},{"id":21535712,"category":{"id":76,"name":"testCategory"},"name":"testName","photoUrls":["ullamco aute","mollit amet sint dolor","irure ipsum"],"tags":[{"id":26,"name":"testTag1"},{"id":30,"name":"testTag2"}],"status":"available"},{"id":12192403,"category":{"id":76,"name":"testCategory"},"name":"testName","photoUrls":["ullamco aute","mollit amet sint dolor","irure ipsum"],"tags":[{"id":26,"name":"testTag1"},{"id":30,"name":"testTag2"}],"status":"available"},{"id":27754944,"category":{"id":76,"name":"testCategory"},"name":"testName","photoUrls":["ullamco aute","mollit amet sint dolor","irure ipsum"],"tags":[{"id":26,"name":"testTag1"},{"id":30,"name":"testTag2"}],"status":"available"},{"id":21846901,"category":{"id":76,"name":"testCategory"},"name":"testName","photoUrls":["ullamco aute","mollit amet sint dolor","irure ipsum"],"tags":[{"id":26,"name":"testTag1"},{"id":30,"name":"testTag2"}],"status":"available"},{"id":12424606,"category":{"id":76,"name":"testCategory"},"name":"testName","photoUrls":["ullamco aute","mollit amet sint dolor","irure ipsum"],"tags":[{"id":26,"name":"testTag1"},{"id":30,"name":"testTag2"}],"status":"available"},{"id":27335582,"category":{"id":76,"name":"testCategory"},"name":"testName","photoUrls":["ullamco aute","mollit amet sint dolor","irure ipsum"],"tags":[{"id":26,"name":"testTag1"},{"id":30,"name":"testTag2"}],"status":"available"},{"id":14653020,"category":{"id":76,"name":"testCategory"},"name":"testName","photoUrls":["ullamco aute","mollit amet sint dolor","irure ipsum"],"tags":[{"id":26,"name":"testTag1"},{"id":30,"name":"testTag2"}],"status":"available"},{"id":20635556,"category":{"id":76,"name":"testCategory"},"name":"testName","photoUrls":["ullamco aute","mollit amet sint dolor","irure ipsum"],"tags":[{"id":26,"name":"testTag1"},{"id":30,"name":"testTag2"}],"status":"available"},{"id":17969151,"category":{"id":76,"name":"testCategory"},"name":"testName","photoUrls":["ullamco aute","mollit amet sint dolor","irure ipsum"],"tags":[{"id":26,"name":"testTag1"},{"id":30,"name":"testTag2"}],"status":"available"},{"id":13684746,"category":{"id":76,"name":"testCategory"},"name":"testName","photoUrls":["ullamco aute","mollit amet sint dolor","irure ipsum"],"tags":[{"id":26,"name":"testTag1"},{"id":30,"name":"testTag2"}],"status":"available"},{"id":17101186,"category":{"id":76,"name":"testCategory"},"name":"testName","photoUrls":["ullamco aute","mollit amet sint dolor","irure ipsum"],"tags":[{"id":26,"name":"testTag1"},{"id":30,"name":"testTag2"}],"status":"available"},{"id":13992167,"category":{"id":76,"name":"testCategory"},"name":"testName","photoUrls":["ullamco aute","mollit amet sint dolor","irure ipsum"],"tags":[{"id":26,"name":"testTag1"},{"id":30,"name":"testTag2"}],"status":"available"},{"id":25032990,"category":{"id":76,"name":"testCategory"},"name":"testName","photoUrls":["ullamco aute","mollit amet sint dolor","irure ipsum"],"tags":[{"id":26,"name":"testTag1"},{"id":30,"name":"testTag2"}],"status":"available"},{"id":18580193,"category":{"id":76,"name":"testCategory"},"name":"testName","photoUrls":["ullamco aute","mollit amet sint dolor","irure ipsum"],"tags":[{"id":26,"name":"testTag1"},{"id":30,"name":"testTag2"}],"status":"available"},{"id":14158403,"category":{"id":76,"name":"testCategory"},"name":"testName","photoUrls":["ullamco aute","mollit amet sint dolor","irure ipsum"],"tags":[{"id":26,"name":"testTag1"},{"id":30,"name":"testTag2"}],"status":"available"},{"id":13274287,"category":{"id":76,"name":"testCategory"},"name":"testName","photoUrls":["ullamco aute","mollit amet sint dolor","irure ipsum"],"tags":[{"id":26,"name":"testTag1"},{"id":30,"name":"testTag2"}],"status":"available"},{"id":11704512,"category":{"id":76,"name":"testCategory"},"name":"testName","photoUrls":["ullamco aute","mollit amet sint dolor","irure ipsum"],"tags":[{"id":26,"name":"testTag1"},{"id":30,"... (set the log level to DEBUG or TRACE to see the full content) 
 </msg>
<msg timestamp="20221101 21:14:45.018" level="INFO">C:\Users\yakup\anaconda3\lib\site-packages\urllib3\connectionpool.py:1013: InsecureRequestWarning: Unverified HTTPS request is being made to host 'petstore3.swagger.io'. Adding certificate verification is strongly advised. See: https://urllib3.readthedocs.io/en/1.26.x/advanced-usage.html#ssl-warnings
  warnings.warn(</msg>
<msg timestamp="20221101 21:14:45.018" level="INFO">${resp} = &lt;Response [200]&gt;</msg>
<status status="PASS" starttime="20221101 21:14:41.179" endtime="20221101 21:14:45.018"/>
</kw>
<kw name="Status Should Be" library="RequestsLibrary">
<arg>200</arg>
<arg>${resp}</arg>
<doc>Fails if response status code is different than the expected.</doc>
<status status="PASS" starttime="20221101 21:14:45.019" endtime="20221101 21:14:45.019"/>
</kw>
<for flavor="IN">
<var>${element}</var>
<value>@{resp.json()}</value>
<iter>
<var name="${element}">{'id': 4, 'category': {'id': 1, 'name': 'Dogs'}, 'name': 'Dog 1', 'photoUrls': ['url1', 'url2'], 'tags': [{'id': 1, 'name': 'tag1'}, {'id': 2, 'name': 'tag2'}], 'status': 'available'}</var>
<kw name="Create Dictionary" library="BuiltIn">
<var>${body}</var>
<arg>name=${element['name'].upper()}</arg>
<doc>Creates and returns a dictionary based on the given ``items``.</doc>
<msg timestamp="20221101 21:14:45.021" level="INFO">${body} = {'name': 'DOG 1'}</msg>
<status status="PASS" starttime="20221101 21:14:45.020" endtime="20221101 21:14:45.021"/>
</kw>
<kw name="Create Dictionary" library="BuiltIn">
<var>${header}</var>
<arg>Content-Type=application/json</arg>
<doc>Creates and returns a dictionary based on the given ``items``.</doc>
<msg timestamp="20221101 21:14:45.022" level="INFO">${header} = {'Content-Type': 'application/json'}</msg>
<status status="PASS" starttime="20221101 21:14:45.021" endtime="20221101 21:14:45.022"/>
</kw>
<kw name="POST" library="RequestsLibrary">
<var>${postResp}</var>
<arg>${postman_base_url}/post</arg>
<arg>json=${body}</arg>
<arg>headers=${header}</arg>
<doc>Sends a POST request.</doc>
<msg timestamp="20221101 21:14:46.587" level="INFO">POST Request : url=https://postman-echo.com/post 
 path_url=/post 
 headers={'User-Agent': 'python-requests/2.26.0', 'Accept-Encoding': 'gzip, deflate, br', 'Accept': '*/*', 'Connection': 'keep-alive', 'Content-Type': 'application/json', 'Content-Length': '17'} 
 body=b'{"name": "DOG 1"}' 
 </msg>
<msg timestamp="20221101 21:14:46.587" level="INFO">POST Response : url=https://postman-echo.com/post 
 status=200, reason=OK 
 headers={'Date': 'Tue, 01 Nov 2022 18:14:44 GMT', 'Content-Type': 'application/json; charset=utf-8', 'Content-Length': '417', 'Connection': 'keep-alive', 'ETag': 'W/"1a1-7E4jm2GP7yiOHtkjLa9ID2Zmnbs"', 'Vary': 'Accept-Encoding', 'set-cookie': 'sails.sid=s%3AMwufL9c91hXkACBJ1u8hHJMXLVc_1lim.BJjm6Zxyt0fthIc7GothTQojxZmhMTHTTAr8QrHP2Jo; Path=/; HttpOnly'} 
 body={"args":{},"data":{"name":"DOG 1"},"files":{},"form":{},"headers":{"x-forwarded-proto":"https","x-forwarded-port":"443","host":"postman-echo.com","x-amzn-trace-id":"Root=1-63616214-2f83ba866b7ea6be279ec766","content-length":"17","user-agent":"python-requests/2.26.0","accept-encoding":"gzip, deflate, br","accept":"*/*","content-type":"application/json"},"json":{"name":"DOG 1"},"url":"https://postman-echo.com/post"} 
 </msg>
<msg timestamp="20221101 21:14:46.587" level="INFO">${postResp} = &lt;Response [200]&gt;</msg>
<status status="PASS" starttime="20221101 21:14:45.022" endtime="20221101 21:14:46.587"/>
</kw>
<kw name="Status Should Be" library="RequestsLibrary">
<arg>200</arg>
<arg>${postResp}</arg>
<doc>Fails if response status code is different than the expected.</doc>
<status status="PASS" starttime="20221101 21:14:46.587" endtime="20221101 21:14:46.588"/>
</kw>
<kw name="Should Be Equal" library="BuiltIn">
<arg>${element['name'].upper()}</arg>
<arg>${postResp.json()['json']['name']}</arg>
<doc>Fails if the given objects are unequal.</doc>
<status status="PASS" starttime="20221101 21:14:46.588" endtime="20221101 21:14:46.589"/>
</kw>
<status status="PASS" starttime="20221101 21:14:45.020" endtime="20221101 21:14:46.590"/>
</iter>
<iter>
<var name="${element}">{'id': 7, 'category': {'id': 4, 'name': 'Lions'}, 'name': 'Lion 1', 'photoUrls': ['url1', 'url2'], 'tags': [{'id': 1, 'name': 'tag1'}, {'id': 2, 'name': 'tag2'}], 'status': 'available'}</var>
<kw name="Create Dictionary" library="BuiltIn">
<var>${body}</var>
<arg>name=${element['name'].upper()}</arg>
<doc>Creates and returns a dictionary based on the given ``items``.</doc>
<msg timestamp="20221101 21:14:46.591" level="INFO">${body} = {'name': 'LION 1'}</msg>
<status status="PASS" starttime="20221101 21:14:46.590" endtime="20221101 21:14:46.591"/>
</kw>
<kw name="Create Dictionary" library="BuiltIn">
<var>${header}</var>
<arg>Content-Type=application/json</arg>
<doc>Creates and returns a dictionary based on the given ``items``.</doc>
<msg timestamp="20221101 21:14:46.591" level="INFO">${header} = {'Content-Type': 'application/json'}</msg>
<status status="PASS" starttime="20221101 21:14:46.591" endtime="20221101 21:14:46.591"/>
</kw>
<kw name="POST" library="RequestsLibrary">
<var>${postResp}</var>
<arg>${postman_base_url}/post</arg>
<arg>json=${body}</arg>
<arg>headers=${header}</arg>
<doc>Sends a POST request.</doc>
<msg timestamp="20221101 21:14:50.356" level="INFO">POST Request : url=https://postman-echo.com/post 
 path_url=/post 
 headers={'User-Agent': 'python-requests/2.26.0', 'Accept-Encoding': 'gzip, deflate, br', 'Accept': '*/*', 'Connection': 'keep-alive', 'Content-Type': 'application/json', 'Content-Length': '18'} 
 body=b'{"name": "LION 1"}' 
 </msg>
<msg timestamp="20221101 21:14:50.357" level="INFO">POST Response : url=https://postman-echo.com/post 
 status=200, reason=OK 
 headers={'Date': 'Tue, 01 Nov 2022 18:14:48 GMT', 'Content-Type': 'application/json; charset=utf-8', 'Content-Length': '419', 'Connection': 'keep-alive', 'ETag': 'W/"1a3-OVGbAiXt9xrZe8wUIP9ud0+8Yls"', 'Vary': 'Accept-Encoding', 'set-cookie': 'sails.sid=s%3Ao579ZGEKvriKwI_6SRVOhRgbek8mGqHs.9TMOoVcTDqb87Q5iPlXOtIKeATWGoO%2FRrOLphHyFB4I; Path=/; HttpOnly'} 
 body={"args":{},"data":{"name":"LION 1"},"files":{},"form":{},"headers":{"x-forwarded-proto":"https","x-forwarded-port":"443","host":"postman-echo.com","x-amzn-trace-id":"Root=1-63616218-1a4419eb29025c0e50e330e5","content-length":"18","user-agent":"python-requests/2.26.0","accept-encoding":"gzip, deflate, br","accept":"*/*","content-type":"application/json"},"json":{"name":"LION 1"},"url":"https://postman-echo.com/post"} 
 </msg>
<msg timestamp="20221101 21:14:50.357" level="INFO">${postResp} = &lt;Response [200]&gt;</msg>
<status status="PASS" starttime="20221101 21:14:46.591" endtime="20221101 21:14:50.357"/>
</kw>
<kw name="Status Should Be" library="RequestsLibrary">
<arg>200</arg>
<arg>${postResp}</arg>
<doc>Fails if response status code is different than the expected.</doc>
<status status="PASS" starttime="20221101 21:14:50.357" endtime="20221101 21:14:50.357"/>
</kw>
<kw name="Should Be Equal" library="BuiltIn">
<arg>${element['name'].upper()}</arg>
<arg>${postResp.json()['json']['name']}</arg>
<doc>Fails if the given objects are unequal.</doc>
<status status="PASS" starttime="20221101 21:14:50.358" endtime="20221101 21:14:50.358"/>
</kw>
<status status="PASS" starttime="20221101 21:14:46.590" endtime="20221101 21:14:50.360"/>
</iter>
<iter>
<var name="${element}">{'id': 13, 'category': {'id': 1, 'name': 'Dogs'}, 'name': 'Minimus IV', 'photoUrls': [], 'tags': [], 'status': 'available'}</var>
<kw name="Create Dictionary" library="BuiltIn">
<var>${body}</var>
<arg>name=${element['name'].upper()}</arg>
<doc>Creates and returns a dictionary based on the given ``items``.</doc>
<msg timestamp="20221101 21:14:50.361" level="INFO">${body} = {'name': 'MINIMUS IV'}</msg>
<status status="PASS" starttime="20221101 21:14:50.360" endtime="20221101 21:14:50.361"/>
</kw>
<kw name="Create Dictionary" library="BuiltIn">
<var>${header}</var>
<arg>Content-Type=application/json</arg>
<doc>Creates and returns a dictionary based on the given ``items``.</doc>
<msg timestamp="20221101 21:14:50.361" level="INFO">${header} = {'Content-Type': 'application/json'}</msg>
<status status="PASS" starttime="20221101 21:14:50.361" endtime="20221101 21:14:50.361"/>
</kw>
<kw name="POST" library="RequestsLibrary">
<var>${postResp}</var>
<arg>${postman_base_url}/post</arg>
<arg>json=${body}</arg>
<arg>headers=${header}</arg>
<doc>Sends a POST request.</doc>
<msg timestamp="20221101 21:14:54.111" level="INFO">POST Request : url=https://postman-echo.com/post 
 path_url=/post 
 headers={'User-Agent': 'python-requests/2.26.0', 'Accept-Encoding': 'gzip, deflate, br', 'Accept': '*/*', 'Connection': 'keep-alive', 'Content-Type': 'application/json', 'Content-Length': '22'} 
 body=b'{"name": "MINIMUS IV"}' 
 </msg>
<msg timestamp="20221101 21:14:54.111" level="INFO">POST Response : url=https://postman-echo.com/post 
 status=200, reason=OK 
 headers={'Date': 'Tue, 01 Nov 2022 18:14:52 GMT', 'Content-Type': 'application/json; charset=utf-8', 'Content-Length': '427', 'Connection': 'keep-alive', 'ETag': 'W/"1ab-GupyqA8pH7j+jovVaBqkvnm3brE"', 'Vary': 'Accept-Encoding', 'set-cookie': 'sails.sid=s%3AK-6mtkPFAyMFZN3RMJ5DEuaQkMFxqEkY.pLXpEZ7s1KaKbAIgby5TjrDrGMEIecOuV3t4x6qNF%2Fo; Path=/; HttpOnly'} 
 body={"args":{},"data":{"name":"MINIMUS IV"},"files":{},"form":{},"headers":{"x-forwarded-proto":"https","x-forwarded-port":"443","host":"postman-echo.com","x-amzn-trace-id":"Root=1-6361621c-78f357c92881353229865870","content-length":"22","user-agent":"python-requests/2.26.0","accept-encoding":"gzip, deflate, br","accept":"*/*","content-type":"application/json"},"json":{"name":"MINIMUS IV"},"url":"https://postman-echo.com/post"} 
 </msg>
<msg timestamp="20221101 21:14:54.111" level="INFO">${postResp} = &lt;Response [200]&gt;</msg>
<status status="PASS" starttime="20221101 21:14:50.361" endtime="20221101 21:14:54.111"/>
</kw>
<kw name="Status Should Be" library="RequestsLibrary">
<arg>200</arg>
<arg>${postResp}</arg>
<doc>Fails if response status code is different than the expected.</doc>
<status status="PASS" starttime="20221101 21:14:54.111" endtime="20221101 21:14:54.111"/>
</kw>
<kw name="Should Be Equal" library="BuiltIn">
<arg>${element['name'].upper()}</arg>
<arg>${postResp.json()['json']['name']}</arg>
<doc>Fails if the given objects are unequal.</doc>
<status status="PASS" starttime="20221101 21:14:54.112" endtime="20221101 21:14:54.112"/>
</kw>
<status status="PASS" starttime="20221101 21:14:50.360" endtime="20221101 21:14:54.112"/>
</iter>
<iter>
<var name="${element}">{'id': 0, 'category': {'id': 0, 'name': 'string'}, 'name': '', 'photoUrls': ['string'], 'tags': [{'id': 0, 'name': 'string'}], 'status': 'available'}</var>
<kw name="Create Dictionary" library="BuiltIn">
<var>${body}</var>
<arg>name=${element['name'].upper()}</arg>
<doc>Creates and returns a dictionary based on the given ``items``.</doc>
<msg timestamp="20221101 21:14:54.113" level="INFO">${body} = {'name': ''}</msg>
<status status="PASS" starttime="20221101 21:14:54.112" endtime="20221101 21:14:54.113"/>
</kw>
<kw name="Create Dictionary" library="BuiltIn">
<var>${header}</var>
<arg>Content-Type=application/json</arg>
<doc>Creates and returns a dictionary based on the given ``items``.</doc>
<msg timestamp="20221101 21:14:54.113" level="INFO">${header} = {'Content-Type': 'application/json'}</msg>
<status status="PASS" starttime="20221101 21:14:54.113" endtime="20221101 21:14:54.113"/>
</kw>
<kw name="POST" library="RequestsLibrary">
<var>${postResp}</var>
<arg>${postman_base_url}/post</arg>
<arg>json=${body}</arg>
<arg>headers=${header}</arg>
<doc>Sends a POST request.</doc>
<msg timestamp="20221101 21:14:58.771" level="INFO">POST Request : url=https://postman-echo.com/post 
 path_url=/post 
 headers={'User-Agent': 'python-requests/2.26.0', 'Accept-Encoding': 'gzip, deflate, br', 'Accept': '*/*', 'Connection': 'keep-alive', 'Content-Type': 'application/json', 'Content-Length': '12'} 
 body=b'{"name": ""}' 
 </msg>
<msg timestamp="20221101 21:14:58.772" level="INFO">POST Response : url=https://postman-echo.com/post 
 status=200, reason=OK 
 headers={'Date': 'Tue, 01 Nov 2022 18:14:55 GMT', 'Content-Type': 'application/json; charset=utf-8', 'Content-Length': '407', 'Connection': 'keep-alive', 'ETag': 'W/"197-TDNjysbOurypIZ/Fhx15bnwnJx8"', 'Vary': 'Accept-Encoding', 'set-cookie': 'sails.sid=s%3ANFxEu0z9mfqvW_1HbaGWdasT0Tq87ud5.ElkIDTfH8XTFRuND5xS9fWPIlPsjxWe70mSaDs27ktk; Path=/; HttpOnly'} 
 body={"args":{},"data":{"name":""},"files":{},"form":{},"headers":{"x-forwarded-proto":"https","x-forwarded-port":"443","host":"postman-echo.com","x-amzn-trace-id":"Root=1-6361621f-2f612ad76d932be73e231850","content-length":"12","user-agent":"python-requests/2.26.0","accept-encoding":"gzip, deflate, br","accept":"*/*","content-type":"application/json"},"json":{"name":""},"url":"https://postman-echo.com/post"} 
 </msg>
<msg timestamp="20221101 21:14:58.772" level="INFO">${postResp} = &lt;Response [200]&gt;</msg>
<status status="PASS" starttime="20221101 21:14:54.113" endtime="20221101 21:14:58.772"/>
</kw>
<kw name="Status Should Be" library="RequestsLibrary">
<arg>200</arg>
<arg>${postResp}</arg>
<doc>Fails if response status code is different than the expected.</doc>
<status status="PASS" starttime="20221101 21:14:58.772" endtime="20221101 21:14:58.772"/>
</kw>
<kw name="Should Be Equal" library="BuiltIn">
<arg>${element['name'].upper()}</arg>
<arg>${postResp.json()['json']['name']}</arg>
<doc>Fails if the given objects are unequal.</doc>
<status status="PASS" starttime="20221101 21:14:58.773" endtime="20221101 21:14:58.774"/>
</kw>
<status status="PASS" starttime="20221101 21:14:54.112" endtime="20221101 21:14:58.774"/>
</iter>
<iter>
<var name="${element}">{'id': 14376147, 'category': {'id': 76, 'name': 'testCategory'}, 'name': 'testName', 'photoUrls': ['ullamco aute', 'mollit amet sint dolor', 'irure ipsum'], 'tags': [{'id': 26, 'name': 'testTag1'}, {'...</var>
<kw name="Create Dictionary" library="BuiltIn">
<var>${body}</var>
<arg>name=${element['name'].upper()}</arg>
<doc>Creates and returns a dictionary based on the given ``items``.</doc>
<msg timestamp="20221101 21:14:58.775" level="INFO">${body} = {'name': 'TESTNAME'}</msg>
<status status="PASS" starttime="20221101 21:14:58.774" endtime="20221101 21:14:58.775"/>
</kw>
<kw name="Create Dictionary" library="BuiltIn">
<var>${header}</var>
<arg>Content-Type=application/json</arg>
<doc>Creates and returns a dictionary based on the given ``items``.</doc>
<msg timestamp="20221101 21:14:58.775" level="INFO">${header} = {'Content-Type': 'application/json'}</msg>
<status status="PASS" starttime="20221101 21:14:58.775" endtime="20221101 21:14:58.775"/>
</kw>
<kw name="POST" library="RequestsLibrary">
<var>${postResp}</var>
<arg>${postman_base_url}/post</arg>
<arg>json=${body}</arg>
<arg>headers=${header}</arg>
<doc>Sends a POST request.</doc>
<msg timestamp="20221101 21:15:03.591" level="INFO">POST Request : url=https://postman-echo.com/post 
 path_url=/post 
 headers={'User-Agent': 'python-requests/2.26.0', 'Accept-Encoding': 'gzip, deflate, br', 'Accept': '*/*', 'Connection': 'keep-alive', 'Content-Type': 'application/json', 'Content-Length': '20'} 
 body=b'{"name": "TESTNAME"}' 
 </msg>
<msg timestamp="20221101 21:15:03.591" level="INFO">POST Response : url=https://postman-echo.com/post 
 status=200, reason=OK 
 headers={'Date': 'Tue, 01 Nov 2022 18:15:01 GMT', 'Content-Type': 'application/json; charset=utf-8', 'Content-Length': '423', 'Connection': 'keep-alive', 'ETag': 'W/"1a7-tRoIDQg8dqc8/0KZvDowslGXrbE"', 'Vary': 'Accept-Encoding', 'set-cookie': 'sails.sid=s%3AvATO9hcOReec4C-_q_GcVyvQzuDodhuY.b3S2kB2f%2F3PdYxleYo5rBu17CmOzzkAORJuSm03nHXA; Path=/; HttpOnly'} 
 body={"args":{},"data":{"name":"TESTNAME"},"files":{},"form":{},"headers":{"x-forwarded-proto":"https","x-forwarded-port":"443","host":"postman-echo.com","x-amzn-trace-id":"Root=1-63616225-5ce4b4e73bc1f2924e7d4435","content-length":"20","user-agent":"python-requests/2.26.0","accept-encoding":"gzip, deflate, br","accept":"*/*","content-type":"application/json"},"json":{"name":"TESTNAME"},"url":"https://postman-echo.com/post"} 
 </msg>
<msg timestamp="20221101 21:15:03.591" level="INFO">${postResp} = &lt;Response [200]&gt;</msg>
<status status="PASS" starttime="20221101 21:14:58.775" endtime="20221101 21:15:03.591"/>
</kw>
<kw name="Status Should Be" library="RequestsLibrary">
<arg>200</arg>
<arg>${postResp}</arg>
<doc>Fails if response status code is different than the expected.</doc>
<status status="PASS" starttime="20221101 21:15:03.591" endtime="20221101 21:15:03.592"/>
</kw>
<kw name="Should Be Equal" library="BuiltIn">
<arg>${element['name'].upper()}</arg>
<arg>${postResp.json()['json']['name']}</arg>
<doc>Fails if the given objects are unequal.</doc>
<status status="PASS" starttime="20221101 21:15:03.592" endtime="20221101 21:15:03.593"/>
</kw>
<status status="PASS" starttime="20221101 21:14:58.774" endtime="20221101 21:15:03.593"/>
</iter>
<iter>
<var name="${element}">{'id': 26267476, 'category': {'id': 76, 'name': 'testCategory'}, 'name': 'testName', 'photoUrls': ['ullamco aute', 'mollit amet sint dolor', 'irure ipsum'], 'tags': [{'id': 26, 'name': 'testTag1'}, {'...</var>
<kw name="Create Dictionary" library="BuiltIn">
<var>${body}</var>
<arg>name=${element['name'].upper()}</arg>
<doc>Creates and returns a dictionary based on the given ``items``.</doc>
<msg timestamp="20221101 21:15:03.594" level="INFO">${body} = {'name': 'TESTNAME'}</msg>
<status status="PASS" starttime="20221101 21:15:03.593" endtime="20221101 21:15:03.594"/>
</kw>
<kw name="Create Dictionary" library="BuiltIn">
<var>${header}</var>
<arg>Content-Type=application/json</arg>
<doc>Creates and returns a dictionary based on the given ``items``.</doc>
<msg timestamp="20221101 21:15:03.594" level="INFO">${header} = {'Content-Type': 'application/json'}</msg>
<status status="PASS" starttime="20221101 21:15:03.594" endtime="20221101 21:15:03.594"/>
</kw>
<kw name="POST" library="RequestsLibrary">
<var>${postResp}</var>
<arg>${postman_base_url}/post</arg>
<arg>json=${body}</arg>
<arg>headers=${header}</arg>
<doc>Sends a POST request.</doc>
<msg timestamp="20221101 21:15:07.019" level="INFO">POST Request : url=https://postman-echo.com/post 
 path_url=/post 
 headers={'User-Agent': 'python-requests/2.26.0', 'Accept-Encoding': 'gzip, deflate, br', 'Accept': '*/*', 'Connection': 'keep-alive', 'Content-Type': 'application/json', 'Content-Length': '20'} 
 body=b'{"name": "TESTNAME"}' 
 </msg>
<msg timestamp="20221101 21:15:07.019" level="INFO">POST Response : url=https://postman-echo.com/post 
 status=200, reason=OK 
 headers={'Date': 'Tue, 01 Nov 2022 18:15:04 GMT', 'Content-Type': 'application/json; charset=utf-8', 'Content-Length': '423', 'Connection': 'keep-alive', 'ETag': 'W/"1a7-DFImAUx9JS3+g57HtZ5LDYzoYgE"', 'Vary': 'Accept-Encoding', 'set-cookie': 'sails.sid=s%3AZBQgrx6CzwnvTK1cBTmajvC_Op4xqKa0.5FV%2B7CElangRoSgkYcvJ6ylwTs7vwvvJLZ9qzXZZMYs; Path=/; HttpOnly'} 
 body={"args":{},"data":{"name":"TESTNAME"},"files":{},"form":{},"headers":{"x-forwarded-proto":"https","x-forwarded-port":"443","host":"postman-echo.com","x-amzn-trace-id":"Root=1-63616228-0db4ddb87df95d0b06ed04d9","content-length":"20","user-agent":"python-requests/2.26.0","accept-encoding":"gzip, deflate, br","accept":"*/*","content-type":"application/json"},"json":{"name":"TESTNAME"},"url":"https://postman-echo.com/post"} 
 </msg>
<msg timestamp="20221101 21:15:07.019" level="INFO">${postResp} = &lt;Response [200]&gt;</msg>
<status status="PASS" starttime="20221101 21:15:03.595" endtime="20221101 21:15:07.019"/>
</kw>
<kw name="Status Should Be" library="RequestsLibrary">
<arg>200</arg>
<arg>${postResp}</arg>
<doc>Fails if response status code is different than the expected.</doc>
<status status="PASS" starttime="20221101 21:15:07.020" endtime="20221101 21:15:07.020"/>
</kw>
<kw name="Should Be Equal" library="BuiltIn">
<arg>${element['name'].upper()}</arg>
<arg>${postResp.json()['json']['name']}</arg>
<doc>Fails if the given objects are unequal.</doc>
<status status="PASS" starttime="20221101 21:15:07.020" endtime="20221101 21:15:07.021"/>
</kw>
<status status="PASS" starttime="20221101 21:15:03.593" endtime="20221101 21:15:07.021"/>
</iter>
<iter>
<var name="${element}">{'id': 19934704, 'category': {'id': 76, 'name': 'testCategory'}, 'name': 'testName', 'photoUrls': ['ullamco aute', 'mollit amet sint dolor', 'irure ipsum'], 'tags': [{'id': 26, 'name': 'testTag1'}, {'...</var>
<kw name="Create Dictionary" library="BuiltIn">
<var>${body}</var>
<arg>name=${element['name'].upper()}</arg>
<doc>Creates and returns a dictionary based on the given ``items``.</doc>
<msg timestamp="20221101 21:15:07.022" level="INFO">${body} = {'name': 'TESTNAME'}</msg>
<status status="PASS" starttime="20221101 21:15:07.021" endtime="20221101 21:15:07.022"/>
</kw>
<kw name="Create Dictionary" library="BuiltIn">
<var>${header}</var>
<arg>Content-Type=application/json</arg>
<doc>Creates and returns a dictionary based on the given ``items``.</doc>
<msg timestamp="20221101 21:15:07.023" level="INFO">${header} = {'Content-Type': 'application/json'}</msg>
<status status="PASS" starttime="20221101 21:15:07.022" endtime="20221101 21:15:07.023"/>
</kw>
<kw name="POST" library="RequestsLibrary">
<var>${postResp}</var>
<arg>${postman_base_url}/post</arg>
<arg>json=${body}</arg>
<arg>headers=${header}</arg>
<doc>Sends a POST request.</doc>
<msg timestamp="20221101 21:15:09.733" level="INFO">POST Request : url=https://postman-echo.com/post 
 path_url=/post 
 headers={'User-Agent': 'python-requests/2.26.0', 'Accept-Encoding': 'gzip, deflate, br', 'Accept': '*/*', 'Connection': 'keep-alive', 'Content-Type': 'application/json', 'Content-Length': '20'} 
 body=b'{"name": "TESTNAME"}' 
 </msg>
<msg timestamp="20221101 21:15:09.734" level="INFO">POST Response : url=https://postman-echo.com/post 
 status=200, reason=OK 
 headers={'Date': 'Tue, 01 Nov 2022 18:15:07 GMT', 'Content-Type': 'application/json; charset=utf-8', 'Content-Length': '423', 'Connection': 'keep-alive', 'ETag': 'W/"1a7-WQavBAzfbehBZ6vR5roT9fv+rI8"', 'Vary': 'Accept-Encoding', 'set-cookie': 'sails.sid=s%3AdzX7xkTobApxc0v3QMAOScBb5prqnVUR.I4UbSaqNSPPuA4HoTxeecjOPREVGu0AiKbaPPwfk8bs; Path=/; HttpOnly'} 
 body={"args":{},"data":{"name":"TESTNAME"},"files":{},"form":{},"headers":{"x-forwarded-proto":"https","x-forwarded-port":"443","host":"postman-echo.com","x-amzn-trace-id":"Root=1-6361622b-152b77570e26b38c0b56f327","content-length":"20","user-agent":"python-requests/2.26.0","accept-encoding":"gzip, deflate, br","accept":"*/*","content-type":"application/json"},"json":{"name":"TESTNAME"},"url":"https://postman-echo.com/post"} 
 </msg>
<msg timestamp="20221101 21:15:09.734" level="INFO">${postResp} = &lt;Response [200]&gt;</msg>
<status status="PASS" starttime="20221101 21:15:07.023" endtime="20221101 21:15:09.734"/>
</kw>
<kw name="Status Should Be" library="RequestsLibrary">
<arg>200</arg>
<arg>${postResp}</arg>
<doc>Fails if response status code is different than the expected.</doc>
<status status="PASS" starttime="20221101 21:15:09.734" endtime="20221101 21:15:09.735"/>
</kw>
<kw name="Should Be Equal" library="BuiltIn">
<arg>${element['name'].upper()}</arg>
<arg>${postResp.json()['json']['name']}</arg>
<doc>Fails if the given objects are unequal.</doc>
<status status="PASS" starttime="20221101 21:15:09.735" endtime="20221101 21:15:09.736"/>
</kw>
<status status="PASS" starttime="20221101 21:15:07.021" endtime="20221101 21:15:09.736"/>
</iter>
<iter>
<var name="${element}">{'id': 16561227, 'category': {'id': 76, 'name': 'testCategory'}, 'name': 'testName', 'photoUrls': ['ullamco aute', 'mollit amet sint dolor', 'irure ipsum'], 'tags': [{'id': 26, 'name': 'testTag1'}, {'...</var>
<kw name="Create Dictionary" library="BuiltIn">
<var>${body}</var>
<arg>name=${element['name'].upper()}</arg>
<doc>Creates and returns a dictionary based on the given ``items``.</doc>
<msg timestamp="20221101 21:15:09.737" level="INFO">${body} = {'name': 'TESTNAME'}</msg>
<status status="PASS" starttime="20221101 21:15:09.736" endtime="20221101 21:15:09.737"/>
</kw>
<kw name="Create Dictionary" library="BuiltIn">
<var>${header}</var>
<arg>Content-Type=application/json</arg>
<doc>Creates and returns a dictionary based on the given ``items``.</doc>
<msg timestamp="20221101 21:15:09.737" level="INFO">${header} = {'Content-Type': 'application/json'}</msg>
<status status="PASS" starttime="20221101 21:15:09.737" endtime="20221101 21:15:09.737"/>
</kw>
<kw name="POST" library="RequestsLibrary">
<var>${postResp}</var>
<arg>${postman_base_url}/post</arg>
<arg>json=${body}</arg>
<arg>headers=${header}</arg>
<doc>Sends a POST request.</doc>
<msg timestamp="20221101 21:15:12.475" level="INFO">POST Request : url=https://postman-echo.com/post 
 path_url=/post 
 headers={'User-Agent': 'python-requests/2.26.0', 'Accept-Encoding': 'gzip, deflate, br', 'Accept': '*/*', 'Connection': 'keep-alive', 'Content-Type': 'application/json', 'Content-Length': '20'} 
 body=b'{"name": "TESTNAME"}' 
 </msg>
<msg timestamp="20221101 21:15:12.475" level="INFO">POST Response : url=https://postman-echo.com/post 
 status=200, reason=OK 
 headers={'Date': 'Tue, 01 Nov 2022 18:15:10 GMT', 'Content-Type': 'application/json; charset=utf-8', 'Content-Length': '423', 'Connection': 'keep-alive', 'ETag': 'W/"1a7-10vAceYYwvu3fDoJP5g5ExmaXls"', 'Vary': 'Accept-Encoding', 'set-cookie': 'sails.sid=s%3AtKGMv9a3ClSymsHDvMMsuJKhxj4-N4Hs.gb%2F59bK4cjWT1aI%2Br1wry3CKPRsf3Clw1RWCVia0KlI; Path=/; HttpOnly'} 
 body={"args":{},"data":{"name":"TESTNAME"},"files":{},"form":{},"headers":{"x-forwarded-proto":"https","x-forwarded-port":"443","host":"postman-echo.com","x-amzn-trace-id":"Root=1-6361622e-15d0008c1d43fc3456c9ccfa","content-length":"20","user-agent":"python-requests/2.26.0","accept-encoding":"gzip, deflate, br","accept":"*/*","content-type":"application/json"},"json":{"name":"TESTNAME"},"url":"https://postman-echo.com/post"} 
 </msg>
<msg timestamp="20221101 21:15:12.476" level="INFO">${postResp} = &lt;Response [200]&gt;</msg>
<status status="PASS" starttime="20221101 21:15:09.737" endtime="20221101 21:15:12.476"/>
</kw>
<kw name="Status Should Be" library="RequestsLibrary">
<arg>200</arg>
<arg>${postResp}</arg>
<doc>Fails if response status code is different than the expected.</doc>
<status status="PASS" starttime="20221101 21:15:12.476" endtime="20221101 21:15:12.476"/>
</kw>
<kw name="Should Be Equal" library="BuiltIn">
<arg>${element['name'].upper()}</arg>
<arg>${postResp.json()['json']['name']}</arg>
<doc>Fails if the given objects are unequal.</doc>
<status status="PASS" starttime="20221101 21:15:12.476" endtime="20221101 21:15:12.477"/>
</kw>
<status status="PASS" starttime="20221101 21:15:09.736" endtime="20221101 21:15:12.477"/>
</iter>
<iter>
<var name="${element}">{'id': 27529600, 'category': {'id': 76, 'name': 'testCategory'}, 'name': 'testName', 'photoUrls': ['ullamco aute', 'mollit amet sint dolor', 'irure ipsum'], 'tags': [{'id': 26, 'name': 'testTag1'}, {'...</var>
<kw name="Create Dictionary" library="BuiltIn">
<var>${body}</var>
<arg>name=${element['name'].upper()}</arg>
<doc>Creates and returns a dictionary based on the given ``items``.</doc>
<msg timestamp="20221101 21:15:12.478" level="INFO">${body} = {'name': 'TESTNAME'}</msg>
<status status="PASS" starttime="20221101 21:15:12.478" endtime="20221101 21:15:12.478"/>
</kw>
<kw name="Create Dictionary" library="BuiltIn">
<var>${header}</var>
<arg>Content-Type=application/json</arg>
<doc>Creates and returns a dictionary based on the given ``items``.</doc>
<msg timestamp="20221101 21:15:12.479" level="INFO">${header} = {'Content-Type': 'application/json'}</msg>
<status status="PASS" starttime="20221101 21:15:12.479" endtime="20221101 21:15:12.479"/>
</kw>
<kw name="POST" library="RequestsLibrary">
<var>${postResp}</var>
<arg>${postman_base_url}/post</arg>
<arg>json=${body}</arg>
<arg>headers=${header}</arg>
<doc>Sends a POST request.</doc>
<msg timestamp="20221101 21:15:14.247" level="INFO">POST Request : url=https://postman-echo.com/post 
 path_url=/post 
 headers={'User-Agent': 'python-requests/2.26.0', 'Accept-Encoding': 'gzip, deflate, br', 'Accept': '*/*', 'Connection': 'keep-alive', 'Content-Type': 'application/json', 'Content-Length': '20'} 
 body=b'{"name": "TESTNAME"}' 
 </msg>
<msg timestamp="20221101 21:15:14.247" level="INFO">POST Response : url=https://postman-echo.com/post 
 status=200, reason=OK 
 headers={'Date': 'Tue, 01 Nov 2022 18:15:12 GMT', 'Content-Type': 'application/json; charset=utf-8', 'Content-Length': '423', 'Connection': 'keep-alive', 'ETag': 'W/"1a7-OjJsMHzaauusnKgS3QaFPYcddcQ"', 'Vary': 'Accept-Encoding', 'set-cookie': 'sails.sid=s%3ALLGQdF2tnrhLq4PHvfA1r9RefnonbGpz.zRtNK0lKJn%2F3f0Iv%2BtRH%2FjCFUOX7Acreqzo0kQ5mdCo; Path=/; HttpOnly'} 
 body={"args":{},"data":{"name":"TESTNAME"},"files":{},"form":{},"headers":{"x-forwarded-proto":"https","x-forwarded-port":"443","host":"postman-echo.com","x-amzn-trace-id":"Root=1-63616230-6a1d000833af0b904abab2c5","content-length":"20","user-agent":"python-requests/2.26.0","accept-encoding":"gzip, deflate, br","accept":"*/*","content-type":"application/json"},"json":{"name":"TESTNAME"},"url":"https://postman-echo.com/post"} 
 </msg>
<msg timestamp="20221101 21:15:14.247" level="INFO">${postResp} = &lt;Response [200]&gt;</msg>
<status status="PASS" starttime="20221101 21:15:12.479" endtime="20221101 21:15:14.247"/>
</kw>
<kw name="Status Should Be" library="RequestsLibrary">
<arg>200</arg>
<arg>${postResp}</arg>
<doc>Fails if response status code is different than the expected.</doc>
<status status="PASS" starttime="20221101 21:15:14.248" endtime="20221101 21:15:14.248"/>
</kw>
<kw name="Should Be Equal" library="BuiltIn">
<arg>${element['name'].upper()}</arg>
<arg>${postResp.json()['json']['name']}</arg>
<doc>Fails if the given objects are unequal.</doc>
<status status="PASS" starttime="20221101 21:15:14.248" endtime="20221101 21:15:14.249"/>
</kw>
<status status="PASS" starttime="20221101 21:15:12.477" endtime="20221101 21:15:14.249"/>
</iter>
<iter>
<var name="${element}">{'id': 17423001, 'category': {'id': 76, 'name': 'testCategory'}, 'name': 'testName', 'photoUrls': ['ullamco aute', 'mollit amet sint dolor', 'irure ipsum'], 'tags': [{'id': 26, 'name': 'testTag1'}, {'...</var>
<kw name="Create Dictionary" library="BuiltIn">
<var>${body}</var>
<arg>name=${element['name'].upper()}</arg>
<doc>Creates and returns a dictionary based on the given ``items``.</doc>
<msg timestamp="20221101 21:15:14.250" level="INFO">${body} = {'name': 'TESTNAME'}</msg>
<status status="PASS" starttime="20221101 21:15:14.249" endtime="20221101 21:15:14.250"/>
</kw>
<kw name="Create Dictionary" library="BuiltIn">
<var>${header}</var>
<arg>Content-Type=application/json</arg>
<doc>Creates and returns a dictionary based on the given ``items``.</doc>
<msg timestamp="20221101 21:15:14.251" level="INFO">${header} = {'Content-Type': 'application/json'}</msg>
<status status="PASS" starttime="20221101 21:15:14.250" endtime="20221101 21:15:14.251"/>
</kw>
<kw name="POST" library="RequestsLibrary">
<var>${postResp}</var>
<arg>${postman_base_url}/post</arg>
<arg>json=${body}</arg>
<arg>headers=${header}</arg>
<doc>Sends a POST request.</doc>
<msg timestamp="20221101 21:15:15.676" level="INFO">POST Request : url=https://postman-echo.com/post 
 path_url=/post 
 headers={'User-Agent': 'python-requests/2.26.0', 'Accept-Encoding': 'gzip, deflate, br', 'Accept': '*/*', 'Connection': 'keep-alive', 'Content-Type': 'application/json', 'Content-Length': '20'} 
 body=b'{"name": "TESTNAME"}' 
 </msg>
<msg timestamp="20221101 21:15:15.677" level="INFO">POST Response : url=https://postman-echo.com/post 
 status=200, reason=OK 
 headers={'Date': 'Tue, 01 Nov 2022 18:15:13 GMT', 'Content-Type': 'application/json; charset=utf-8', 'Content-Length': '423', 'Connection': 'keep-alive', 'ETag': 'W/"1a7-hYFtpx1x1bHc+ltkW+Fw0hgUVl0"', 'Vary': 'Accept-Encoding', 'set-cookie': 'sails.sid=s%3AGlWSFEIpkCsC5-sTJpMg7WZuz_4MwrhK.tuMFU%2BT96Jcvv6MtipoSqSLJ8ZxJUCKhxTIuZHuJqhw; Path=/; HttpOnly'} 
 body={"args":{},"data":{"name":"TESTNAME"},"files":{},"form":{},"headers":{"x-forwarded-proto":"https","x-forwarded-port":"443","host":"postman-echo.com","x-amzn-trace-id":"Root=1-63616231-28f5f9674acc240310e3b72c","content-length":"20","user-agent":"python-requests/2.26.0","accept-encoding":"gzip, deflate, br","accept":"*/*","content-type":"application/json"},"json":{"name":"TESTNAME"},"url":"https://postman-echo.com/post"} 
 </msg>
<msg timestamp="20221101 21:15:15.677" level="INFO">${postResp} = &lt;Response [200]&gt;</msg>
<status status="PASS" starttime="20221101 21:15:14.251" endtime="20221101 21:15:15.677"/>
</kw>
<kw name="Status Should Be" library="RequestsLibrary">
<arg>200</arg>
<arg>${postResp}</arg>
<doc>Fails if response status code is different than the expected.</doc>
<status status="PASS" starttime="20221101 21:15:15.677" endtime="20221101 21:15:15.678"/>
</kw>
<kw name="Should Be Equal" library="BuiltIn">
<arg>${element['name'].upper()}</arg>
<arg>${postResp.json()['json']['name']}</arg>
<doc>Fails if the given objects are unequal.</doc>
<status status="PASS" starttime="20221101 21:15:15.678" endtime="20221101 21:15:15.679"/>
</kw>
<status status="PASS" starttime="20221101 21:15:14.249" endtime="20221101 21:15:15.679"/>
</iter>
<iter>
<var name="${element}">{'id': 26858474, 'category': {'id': 76, 'name': 'testCategory'}, 'name': 'testName', 'photoUrls': ['ullamco aute', 'mollit amet sint dolor', 'irure ipsum'], 'tags': [{'id': 26, 'name': 'testTag1'}, {'...</var>
<kw name="Create Dictionary" library="BuiltIn">
<var>${body}</var>
<arg>name=${element['name'].upper()}</arg>
<doc>Creates and returns a dictionary based on the given ``items``.</doc>
<msg timestamp="20221101 21:15:15.680" level="INFO">${body} = {'name': 'TESTNAME'}</msg>
<status status="PASS" starttime="20221101 21:15:15.679" endtime="20221101 21:15:15.680"/>
</kw>
<kw name="Create Dictionary" library="BuiltIn">
<var>${header}</var>
<arg>Content-Type=application/json</arg>
<doc>Creates and returns a dictionary based on the given ``items``.</doc>
<msg timestamp="20221101 21:15:15.680" level="INFO">${header} = {'Content-Type': 'application/json'}</msg>
<status status="PASS" starttime="20221101 21:15:15.680" endtime="20221101 21:15:15.680"/>
</kw>
<kw name="POST" library="RequestsLibrary">
<var>${postResp}</var>
<arg>${postman_base_url}/post</arg>
<arg>json=${body}</arg>
<arg>headers=${header}</arg>
<doc>Sends a POST request.</doc>
<msg timestamp="20221101 21:15:20.475" level="INFO">POST Request : url=https://postman-echo.com/post 
 path_url=/post 
 headers={'User-Agent': 'python-requests/2.26.0', 'Accept-Encoding': 'gzip, deflate, br', 'Accept': '*/*', 'Connection': 'keep-alive', 'Content-Type': 'application/json', 'Content-Length': '20'} 
 body=b'{"name": "TESTNAME"}' 
 </msg>
<msg timestamp="20221101 21:15:20.475" level="INFO">POST Response : url=https://postman-echo.com/post 
 status=200, reason=OK 
 headers={'Date': 'Tue, 01 Nov 2022 18:15:18 GMT', 'Content-Type': 'application/json; charset=utf-8', 'Content-Length': '423', 'Connection': 'keep-alive', 'ETag': 'W/"1a7-AIL9VWV6VePcB+CzOv6ywkGusVk"', 'Vary': 'Accept-Encoding', 'set-cookie': 'sails.sid=s%3AtSS69k2S9bb5GO0c8gnuZBr9wznBOqkV.QZOoFLdF5TXOAL6GCjrjJ3rrr3iTbaHpEfwPr2Dp%2F70; Path=/; HttpOnly'} 
 body={"args":{},"data":{"name":"TESTNAME"},"files":{},"form":{},"headers":{"x-forwarded-proto":"https","x-forwarded-port":"443","host":"postman-echo.com","x-amzn-trace-id":"Root=1-63616236-65d1cafc2ab250d06eb0b15e","content-length":"20","user-agent":"python-requests/2.26.0","accept-encoding":"gzip, deflate, br","accept":"*/*","content-type":"application/json"},"json":{"name":"TESTNAME"},"url":"https://postman-echo.com/post"} 
 </msg>
<msg timestamp="20221101 21:15:20.475" level="INFO">${postResp} = &lt;Response [200]&gt;</msg>
<status status="PASS" starttime="20221101 21:15:15.680" endtime="20221101 21:15:20.475"/>
</kw>
<kw name="Status Should Be" library="RequestsLibrary">
<arg>200</arg>
<arg>${postResp}</arg>
<doc>Fails if response status code is different than the expected.</doc>
<status status="PASS" starttime="20221101 21:15:20.476" endtime="20221101 21:15:20.476"/>
</kw>
<kw name="Should Be Equal" library="BuiltIn">
<arg>${element['name'].upper()}</arg>
<arg>${postResp.json()['json']['name']}</arg>
<doc>Fails if the given objects are unequal.</doc>
<status status="PASS" starttime="20221101 21:15:20.476" endtime="20221101 21:15:20.477"/>
</kw>
<status status="PASS" starttime="20221101 21:15:15.679" endtime="20221101 21:15:20.477"/>
</iter>
<iter>
<var name="${element}">{'id': 18615903, 'category': {'id': 76, 'name': 'testCategory'}, 'name': 'testName', 'photoUrls': ['ullamco aute', 'mollit amet sint dolor', 'irure ipsum'], 'tags': [{'id': 26, 'name': 'testTag1'}, {'...</var>
<kw name="Create Dictionary" library="BuiltIn">
<var>${body}</var>
<arg>name=${element['name'].upper()}</arg>
<doc>Creates and returns a dictionary based on the given ``items``.</doc>
<msg timestamp="20221101 21:15:20.478" level="INFO">${body} = {'name': 'TESTNAME'}</msg>
<status status="PASS" starttime="20221101 21:15:20.478" endtime="20221101 21:15:20.478"/>
</kw>
<kw name="Create Dictionary" library="BuiltIn">
<var>${header}</var>
<arg>Content-Type=application/json</arg>
<doc>Creates and returns a dictionary based on the given ``items``.</doc>
<msg timestamp="20221101 21:15:20.479" level="INFO">${header} = {'Content-Type': 'application/json'}</msg>
<status status="PASS" starttime="20221101 21:15:20.478" endtime="20221101 21:15:20.479"/>
</kw>
<kw name="POST" library="RequestsLibrary">
<var>${postResp}</var>
<arg>${postman_base_url}/post</arg>
<arg>json=${body}</arg>
<arg>headers=${header}</arg>
<doc>Sends a POST request.</doc>
<msg timestamp="20221101 21:15:21.894" level="INFO">POST Request : url=https://postman-echo.com/post 
 path_url=/post 
 headers={'User-Agent': 'python-requests/2.26.0', 'Accept-Encoding': 'gzip, deflate, br', 'Accept': '*/*', 'Connection': 'keep-alive', 'Content-Type': 'application/json', 'Content-Length': '20'} 
 body=b'{"name": "TESTNAME"}' 
 </msg>
<msg timestamp="20221101 21:15:21.895" level="INFO">POST Response : url=https://postman-echo.com/post 
 status=200, reason=OK 
 headers={'Date': 'Tue, 01 Nov 2022 18:15:20 GMT', 'Content-Type': 'application/json; charset=utf-8', 'Content-Length': '423', 'Connection': 'keep-alive', 'ETag': 'W/"1a7-mwCagBH2Q8v4XSmRs91xy32ONoY"', 'Vary': 'Accept-Encoding', 'set-cookie': 'sails.sid=s%3A5Alg2wRH1x0A2nOT2WePYiFp8XprUXQ8.g9riwAE4%2FZf50tlXJxyzl9ZkyfDL5yFtSTCmrC5bcQY; Path=/; HttpOnly'} 
 body={"args":{},"data":{"name":"TESTNAME"},"files":{},"form":{},"headers":{"x-forwarded-proto":"https","x-forwarded-port":"443","host":"postman-echo.com","x-amzn-trace-id":"Root=1-63616238-255e17c4266adcea14f29a48","content-length":"20","user-agent":"python-requests/2.26.0","accept-encoding":"gzip, deflate, br","accept":"*/*","content-type":"application/json"},"json":{"name":"TESTNAME"},"url":"https://postman-echo.com/post"} 
 </msg>
<msg timestamp="20221101 21:15:21.895" level="INFO">${postResp} = &lt;Response [200]&gt;</msg>
<status status="PASS" starttime="20221101 21:15:20.479" endtime="20221101 21:15:21.895"/>
</kw>
<kw name="Status Should Be" library="RequestsLibrary">
<arg>200</arg>
<arg>${postResp}</arg>
<doc>Fails if response status code is different than the expected.</doc>
<status status="PASS" starttime="20221101 21:15:21.895" endtime="20221101 21:15:21.895"/>
</kw>
<kw name="Should Be Equal" library="BuiltIn">
<arg>${element['name'].upper()}</arg>
<arg>${postResp.json()['json']['name']}</arg>
<doc>Fails if the given objects are unequal.</doc>
<status status="PASS" starttime="20221101 21:15:21.896" endtime="20221101 21:15:21.897"/>
</kw>
<status status="PASS" starttime="20221101 21:15:20.477" endtime="20221101 21:15:21.897"/>
</iter>
<iter>
<var name="${element}">{'id': 24861564, 'category': {'id': 76, 'name': 'testCategory'}, 'name': 'testName', 'photoUrls': ['ullamco aute', 'mollit amet sint dolor', 'irure ipsum'], 'tags': [{'id': 26, 'name': 'testTag1'}, {'...</var>
<kw name="Create Dictionary" library="BuiltIn">
<var>${body}</var>
<arg>name=${element['name'].upper()}</arg>
<doc>Creates and returns a dictionary based on the given ``items``.</doc>
<msg timestamp="20221101 21:15:21.898" level="INFO">${body} = {'name': 'TESTNAME'}</msg>
<status status="PASS" starttime="20221101 21:15:21.897" endtime="20221101 21:15:21.898"/>
</kw>
<kw name="Create Dictionary" library="BuiltIn">
<var>${header}</var>
<arg>Content-Type=application/json</arg>
<doc>Creates and returns a dictionary based on the given ``items``.</doc>
<msg timestamp="20221101 21:15:21.898" level="INFO">${header} = {'Content-Type': 'application/json'}</msg>
<status status="PASS" starttime="20221101 21:15:21.898" endtime="20221101 21:15:21.898"/>
</kw>
<kw name="POST" library="RequestsLibrary">
<var>${postResp}</var>
<arg>${postman_base_url}/post</arg>
<arg>json=${body}</arg>
<arg>headers=${header}</arg>
<doc>Sends a POST request.</doc>
<msg timestamp="20221101 21:15:24.593" level="INFO">POST Request : url=https://postman-echo.com/post 
 path_url=/post 
 headers={'User-Agent': 'python-requests/2.26.0', 'Accept-Encoding': 'gzip, deflate, br', 'Accept': '*/*', 'Connection': 'keep-alive', 'Content-Type': 'application/json', 'Content-Length': '20'} 
 body=b'{"name": "TESTNAME"}' 
 </msg>
<msg timestamp="20221101 21:15:24.593" level="INFO">POST Response : url=https://postman-echo.com/post 
 status=200, reason=OK 
 headers={'Date': 'Tue, 01 Nov 2022 18:15:22 GMT', 'Content-Type': 'application/json; charset=utf-8', 'Content-Length': '423', 'Connection': 'keep-alive', 'ETag': 'W/"1a7-+yyyF+jckB9fA2vKm7knmLIIejk"', 'Vary': 'Accept-Encoding', 'set-cookie': 'sails.sid=s%3AVopxMc-3qxDiaD0IEHJIE2VJrPuShGV2.3uMFmHiYdWOvni9ocktzN6vZkcBVPx%2FFS5H2XJxfBwc; Path=/; HttpOnly'} 
 body={"args":{},"data":{"name":"TESTNAME"},"files":{},"form":{},"headers":{"x-forwarded-proto":"https","x-forwarded-port":"443","host":"postman-echo.com","x-amzn-trace-id":"Root=1-6361623a-378cca3a5a6035e21fc57104","content-length":"20","user-agent":"python-requests/2.26.0","accept-encoding":"gzip, deflate, br","accept":"*/*","content-type":"application/json"},"json":{"name":"TESTNAME"},"url":"https://postman-echo.com/post"} 
 </msg>
<msg timestamp="20221101 21:15:24.594" level="INFO">${postResp} = &lt;Response [200]&gt;</msg>
<status status="PASS" starttime="20221101 21:15:21.898" endtime="20221101 21:15:24.594"/>
</kw>
<kw name="Status Should Be" library="RequestsLibrary">
<arg>200</arg>
<arg>${postResp}</arg>
<doc>Fails if response status code is different than the expected.</doc>
<status status="PASS" starttime="20221101 21:15:24.594" endtime="20221101 21:15:24.594"/>
</kw>
<kw name="Should Be Equal" library="BuiltIn">
<arg>${element['name'].upper()}</arg>
<arg>${postResp.json()['json']['name']}</arg>
<doc>Fails if the given objects are unequal.</doc>
<status status="PASS" starttime="20221101 21:15:24.594" endtime="20221101 21:15:24.595"/>
</kw>
<status status="PASS" starttime="20221101 21:15:21.897" endtime="20221101 21:15:24.595"/>
</iter>
<iter>
<var name="${element}">{'id': 20399342, 'category': {'id': 76, 'name': 'testCategory'}, 'name': 'testName', 'photoUrls': ['ullamco aute', 'mollit amet sint dolor', 'irure ipsum'], 'tags': [{'id': 26, 'name': 'testTag1'}, {'...</var>
<kw name="Create Dictionary" library="BuiltIn">
<var>${body}</var>
<arg>name=${element['name'].upper()}</arg>
<doc>Creates and returns a dictionary based on the given ``items``.</doc>
<msg timestamp="20221101 21:15:24.597" level="INFO">${body} = {'name': 'TESTNAME'}</msg>
<status status="PASS" starttime="20221101 21:15:24.596" endtime="20221101 21:15:24.597"/>
</kw>
<kw name="Create Dictionary" library="BuiltIn">
<var>${header}</var>
<arg>Content-Type=application/json</arg>
<doc>Creates and returns a dictionary based on the given ``items``.</doc>
<msg timestamp="20221101 21:15:24.597" level="INFO">${header} = {'Content-Type': 'application/json'}</msg>
<status status="PASS" starttime="20221101 21:15:24.597" endtime="20221101 21:15:24.597"/>
</kw>
<kw name="POST" library="RequestsLibrary">
<var>${postResp}</var>
<arg>${postman_base_url}/post</arg>
<arg>json=${body}</arg>
<arg>headers=${header}</arg>
<doc>Sends a POST request.</doc>
<msg timestamp="20221101 21:15:26.307" level="INFO">POST Request : url=https://postman-echo.com/post 
 path_url=/post 
 headers={'User-Agent': 'python-requests/2.26.0', 'Accept-Encoding': 'gzip, deflate, br', 'Accept': '*/*', 'Connection': 'keep-alive', 'Content-Type': 'application/json', 'Content-Length': '20'} 
 body=b'{"name": "TESTNAME"}' 
 </msg>
<msg timestamp="20221101 21:15:26.307" level="INFO">POST Response : url=https://postman-echo.com/post 
 status=200, reason=OK 
 headers={'Date': 'Tue, 01 Nov 2022 18:15:24 GMT', 'Content-Type': 'application/json; charset=utf-8', 'Content-Length': '423', 'Connection': 'keep-alive', 'ETag': 'W/"1a7-oBqEGXwzurj2oj83g2jPZytT3Os"', 'Vary': 'Accept-Encoding', 'set-cookie': 'sails.sid=s%3AlK6swsAZX_TONlMuhCkTaWhSQrOP5yP1.FCk%2BZ5RZrYcPcSsF3Z%2F28LIBozC83ixlRSM6Cz%2BgB3k; Path=/; HttpOnly'} 
 body={"args":{},"data":{"name":"TESTNAME"},"files":{},"form":{},"headers":{"x-forwarded-proto":"https","x-forwarded-port":"443","host":"postman-echo.com","x-amzn-trace-id":"Root=1-6361623c-40681cea6298c1da5a9a1920","content-length":"20","user-agent":"python-requests/2.26.0","accept-encoding":"gzip, deflate, br","accept":"*/*","content-type":"application/json"},"json":{"name":"TESTNAME"},"url":"https://postman-echo.com/post"} 
 </msg>
<msg timestamp="20221101 21:15:26.307" level="INFO">${postResp} = &lt;Response [200]&gt;</msg>
<status status="PASS" starttime="20221101 21:15:24.597" endtime="20221101 21:15:26.307"/>
</kw>
<kw name="Status Should Be" library="RequestsLibrary">
<arg>200</arg>
<arg>${postResp}</arg>
<doc>Fails if response status code is different than the expected.</doc>
<status status="PASS" starttime="20221101 21:15:26.307" endtime="20221101 21:15:26.307"/>
</kw>
<kw name="Should Be Equal" library="BuiltIn">
<arg>${element['name'].upper()}</arg>
<arg>${postResp.json()['json']['name']}</arg>
<doc>Fails if the given objects are unequal.</doc>
<status status="PASS" starttime="20221101 21:15:26.307" endtime="20221101 21:15:26.308"/>
</kw>
<status status="PASS" starttime="20221101 21:15:24.596" endtime="20221101 21:15:26.308"/>
</iter>
<iter>
<var name="${element}">{'id': 25865183, 'category': {'id': 76, 'name': 'testCategory'}, 'name': 'testName', 'photoUrls': ['ullamco aute', 'mollit amet sint dolor', 'irure ipsum'], 'tags': [{'id': 26, 'name': 'testTag1'}, {'...</var>
<kw name="Create Dictionary" library="BuiltIn">
<var>${body}</var>
<arg>name=${element['name'].upper()}</arg>
<doc>Creates and returns a dictionary based on the given ``items``.</doc>
<msg timestamp="20221101 21:15:26.309" level="INFO">${body} = {'name': 'TESTNAME'}</msg>
<status status="PASS" starttime="20221101 21:15:26.308" endtime="20221101 21:15:26.309"/>
</kw>
<kw name="Create Dictionary" library="BuiltIn">
<var>${header}</var>
<arg>Content-Type=application/json</arg>
<doc>Creates and returns a dictionary based on the given ``items``.</doc>
<msg timestamp="20221101 21:15:26.309" level="INFO">${header} = {'Content-Type': 'application/json'}</msg>
<status status="PASS" starttime="20221101 21:15:26.309" endtime="20221101 21:15:26.309"/>
</kw>
<kw name="POST" library="RequestsLibrary">
<var>${postResp}</var>
<arg>${postman_base_url}/post</arg>
<arg>json=${body}</arg>
<arg>headers=${header}</arg>
<doc>Sends a POST request.</doc>
<msg timestamp="20221101 21:15:31.392" level="INFO">POST Request : url=https://postman-echo.com/post 
 path_url=/post 
 headers={'User-Agent': 'python-requests/2.26.0', 'Accept-Encoding': 'gzip, deflate, br', 'Accept': '*/*', 'Connection': 'keep-alive', 'Content-Type': 'application/json', 'Content-Length': '20'} 
 body=b'{"name": "TESTNAME"}' 
 </msg>
<msg timestamp="20221101 21:15:31.392" level="INFO">POST Response : url=https://postman-echo.com/post 
 status=200, reason=OK 
 headers={'Date': 'Tue, 01 Nov 2022 18:15:27 GMT', 'Content-Type': 'application/json; charset=utf-8', 'Content-Length': '423', 'Connection': 'keep-alive', 'ETag': 'W/"1a7-g9MbEFIAxYX8+I14qGkP1Z6xT4c"', 'Vary': 'Accept-Encoding', 'set-cookie': 'sails.sid=s%3Air0cwBC9_g4qSsrPpDAN4NO8xeDPZfNO.VsVLef28Tupz%2FKO9gTxUCJKvxLwyCHMVURwb4%2FgoW0k; Path=/; HttpOnly'} 
 body={"args":{},"data":{"name":"TESTNAME"},"files":{},"form":{},"headers":{"x-forwarded-proto":"https","x-forwarded-port":"443","host":"postman-echo.com","x-amzn-trace-id":"Root=1-6361623f-758d72bd3cbf13f3649ed259","content-length":"20","user-agent":"python-requests/2.26.0","accept-encoding":"gzip, deflate, br","accept":"*/*","content-type":"application/json"},"json":{"name":"TESTNAME"},"url":"https://postman-echo.com/post"} 
 </msg>
<msg timestamp="20221101 21:15:31.392" level="INFO">${postResp} = &lt;Response [200]&gt;</msg>
<status status="PASS" starttime="20221101 21:15:26.309" endtime="20221101 21:15:31.392"/>
</kw>
<kw name="Status Should Be" library="RequestsLibrary">
<arg>200</arg>
<arg>${postResp}</arg>
<doc>Fails if response status code is different than the expected.</doc>
<status status="PASS" starttime="20221101 21:15:31.392" endtime="20221101 21:15:31.392"/>
</kw>
<kw name="Should Be Equal" library="BuiltIn">
<arg>${element['name'].upper()}</arg>
<arg>${postResp.json()['json']['name']}</arg>
<doc>Fails if the given objects are unequal.</doc>
<status status="PASS" starttime="20221101 21:15:31.392" endtime="20221101 21:15:31.393"/>
</kw>
<status status="PASS" starttime="20221101 21:15:26.308" endtime="20221101 21:15:31.393"/>
</iter>
<iter>
<var name="${element}">{'id': 19225411, 'category': {'id': 76, 'name': 'testCategory'}, 'name': 'testName', 'photoUrls': ['ullamco aute', 'mollit amet sint dolor', 'irure ipsum'], 'tags': [{'id': 26, 'name': 'testTag1'}, {'...</var>
<kw name="Create Dictionary" library="BuiltIn">
<var>${body}</var>
<arg>name=${element['name'].upper()}</arg>
<doc>Creates and returns a dictionary based on the given ``items``.</doc>
<msg timestamp="20221101 21:15:31.394" level="INFO">${body} = {'name': 'TESTNAME'}</msg>
<status status="PASS" starttime="20221101 21:15:31.393" endtime="20221101 21:15:31.394"/>
</kw>
<kw name="Create Dictionary" library="BuiltIn">
<var>${header}</var>
<arg>Content-Type=application/json</arg>
<doc>Creates and returns a dictionary based on the given ``items``.</doc>
<msg timestamp="20221101 21:15:31.394" level="INFO">${header} = {'Content-Type': 'application/json'}</msg>
<status status="PASS" starttime="20221101 21:15:31.394" endtime="20221101 21:15:31.394"/>
</kw>
<kw name="POST" library="RequestsLibrary">
<var>${postResp}</var>
<arg>${postman_base_url}/post</arg>
<arg>json=${body}</arg>
<arg>headers=${header}</arg>
<doc>Sends a POST request.</doc>
<msg timestamp="20221101 21:15:35.201" level="INFO">POST Request : url=https://postman-echo.com/post 
 path_url=/post 
 headers={'User-Agent': 'python-requests/2.26.0', 'Accept-Encoding': 'gzip, deflate, br', 'Accept': '*/*', 'Connection': 'keep-alive', 'Content-Type': 'application/json', 'Content-Length': '20'} 
 body=b'{"name": "TESTNAME"}' 
 </msg>
<msg timestamp="20221101 21:15:35.202" level="INFO">POST Response : url=https://postman-echo.com/post 
 status=200, reason=OK 
 headers={'Date': 'Tue, 01 Nov 2022 18:15:31 GMT', 'Content-Type': 'application/json; charset=utf-8', 'Content-Length': '423', 'Connection': 'keep-alive', 'ETag': 'W/"1a7-OjxzWJ7u1sNSyVfDClgjV5GaKoc"', 'Vary': 'Accept-Encoding', 'set-cookie': 'sails.sid=s%3ASpSa_o10QjWosII3ys6r3biPDrJnHIoA.s9%2BSY0vqawI%2FAHGU6%2BmJt2dJq1S1boysVZPuzG%2FU1HM; Path=/; HttpOnly'} 
 body={"args":{},"data":{"name":"TESTNAME"},"files":{},"form":{},"headers":{"x-forwarded-proto":"https","x-forwarded-port":"443","host":"postman-echo.com","x-amzn-trace-id":"Root=1-63616243-21ad11540ede678860bd3417","content-length":"20","user-agent":"python-requests/2.26.0","accept-encoding":"gzip, deflate, br","accept":"*/*","content-type":"application/json"},"json":{"name":"TESTNAME"},"url":"https://postman-echo.com/post"} 
 </msg>
<msg timestamp="20221101 21:15:35.202" level="INFO">${postResp} = &lt;Response [200]&gt;</msg>
<status status="PASS" starttime="20221101 21:15:31.394" endtime="20221101 21:15:35.202"/>
</kw>
<kw name="Status Should Be" library="RequestsLibrary">
<arg>200</arg>
<arg>${postResp}</arg>
<doc>Fails if response status code is different than the expected.</doc>
<status status="PASS" starttime="20221101 21:15:35.202" endtime="20221101 21:15:35.202"/>
</kw>
<kw name="Should Be Equal" library="BuiltIn">
<arg>${element['name'].upper()}</arg>
<arg>${postResp.json()['json']['name']}</arg>
<doc>Fails if the given objects are unequal.</doc>
<status status="PASS" starttime="20221101 21:15:35.202" endtime="20221101 21:15:35.203"/>
</kw>
<status status="PASS" starttime="20221101 21:15:31.393" endtime="20221101 21:15:35.204"/>
</iter>
<iter>
<var name="${element}">{'id': 14189737, 'category': {'id': 76, 'name': 'testCategory'}, 'name': 'testName', 'photoUrls': ['ullamco aute', 'mollit amet sint dolor', 'irure ipsum'], 'tags': [{'id': 26, 'name': 'testTag1'}, {'...</var>
<kw name="Create Dictionary" library="BuiltIn">
<var>${body}</var>
<arg>name=${element['name'].upper()}</arg>
<doc>Creates and returns a dictionary based on the given ``items``.</doc>
<msg timestamp="20221101 21:15:35.205" level="INFO">${body} = {'name': 'TESTNAME'}</msg>
<status status="PASS" starttime="20221101 21:15:35.204" endtime="20221101 21:15:35.205"/>
</kw>
<kw name="Create Dictionary" library="BuiltIn">
<var>${header}</var>
<arg>Content-Type=application/json</arg>
<doc>Creates and returns a dictionary based on the given ``items``.</doc>
<msg timestamp="20221101 21:15:35.205" level="INFO">${header} = {'Content-Type': 'application/json'}</msg>
<status status="PASS" starttime="20221101 21:15:35.205" endtime="20221101 21:15:35.205"/>
</kw>
<kw name="POST" library="RequestsLibrary">
<var>${postResp}</var>
<arg>${postman_base_url}/post</arg>
<arg>json=${body}</arg>
<arg>headers=${header}</arg>
<doc>Sends a POST request.</doc>
<msg timestamp="20221101 21:15:37.017" level="INFO">POST Request : url=https://postman-echo.com/post 
 path_url=/post 
 headers={'User-Agent': 'python-requests/2.26.0', 'Accept-Encoding': 'gzip, deflate, br', 'Accept': '*/*', 'Connection': 'keep-alive', 'Content-Type': 'application/json', 'Content-Length': '20'} 
 body=b'{"name": "TESTNAME"}' 
 </msg>
<msg timestamp="20221101 21:15:37.017" level="INFO">POST Response : url=https://postman-echo.com/post 
 status=200, reason=OK 
 headers={'Date': 'Tue, 01 Nov 2022 18:15:35 GMT', 'Content-Type': 'application/json; charset=utf-8', 'Content-Length': '423', 'Connection': 'keep-alive', 'ETag': 'W/"1a7-szQvGhRmJ9dFGYBmjMnzqSUl7tI"', 'Vary': 'Accept-Encoding', 'set-cookie': 'sails.sid=s%3AYvLTNzejnZ39fmYjo12SCF8YzaGGZQM3.2mBrZCLCNQln0UUf4inYrtMUdl7IjF1xhlKOIktnJtc; Path=/; HttpOnly'} 
 body={"args":{},"data":{"name":"TESTNAME"},"files":{},"form":{},"headers":{"x-forwarded-proto":"https","x-forwarded-port":"443","host":"postman-echo.com","x-amzn-trace-id":"Root=1-63616247-1f5ec61507170ee134c0ba0e","content-length":"20","user-agent":"python-requests/2.26.0","accept-encoding":"gzip, deflate, br","accept":"*/*","content-type":"application/json"},"json":{"name":"TESTNAME"},"url":"https://postman-echo.com/post"} 
 </msg>
<msg timestamp="20221101 21:15:37.018" level="INFO">${postResp} = &lt;Response [200]&gt;</msg>
<status status="PASS" starttime="20221101 21:15:35.205" endtime="20221101 21:15:37.018"/>
</kw>
<kw name="Status Should Be" library="RequestsLibrary">
<arg>200</arg>
<arg>${postResp}</arg>
<doc>Fails if response status code is different than the expected.</doc>
<status status="PASS" starttime="20221101 21:15:37.018" endtime="20221101 21:15:37.018"/>
</kw>
<kw name="Should Be Equal" library="BuiltIn">
<arg>${element['name'].upper()}</arg>
<arg>${postResp.json()['json']['name']}</arg>
<doc>Fails if the given objects are unequal.</doc>
<status status="PASS" starttime="20221101 21:15:37.018" endtime="20221101 21:15:37.019"/>
</kw>
<status status="PASS" starttime="20221101 21:15:35.204" endtime="20221101 21:15:37.019"/>
</iter>
<iter>
<var name="${element}">{'id': 16139383, 'category': {'id': 76, 'name': 'testCategory'}, 'name': 'testName', 'photoUrls': ['ullamco aute', 'mollit amet sint dolor', 'irure ipsum'], 'tags': [{'id': 26, 'name': 'testTag1'}, {'...</var>
<kw name="Create Dictionary" library="BuiltIn">
<var>${body}</var>
<arg>name=${element['name'].upper()}</arg>
<doc>Creates and returns a dictionary based on the given ``items``.</doc>
<msg timestamp="20221101 21:15:37.020" level="INFO">${body} = {'name': 'TESTNAME'}</msg>
<status status="PASS" starttime="20221101 21:15:37.020" endtime="20221101 21:15:37.020"/>
</kw>
<kw name="Create Dictionary" library="BuiltIn">
<var>${header}</var>
<arg>Content-Type=application/json</arg>
<doc>Creates and returns a dictionary based on the given ``items``.</doc>
<msg timestamp="20221101 21:15:37.021" level="INFO">${header} = {'Content-Type': 'application/json'}</msg>
<status status="PASS" starttime="20221101 21:15:37.021" endtime="20221101 21:15:37.021"/>
</kw>
<kw name="POST" library="RequestsLibrary">
<var>${postResp}</var>
<arg>${postman_base_url}/post</arg>
<arg>json=${body}</arg>
<arg>headers=${header}</arg>
<doc>Sends a POST request.</doc>
<msg timestamp="20221101 21:15:38.755" level="INFO">POST Request : url=https://postman-echo.com/post 
 path_url=/post 
 headers={'User-Agent': 'python-requests/2.26.0', 'Accept-Encoding': 'gzip, deflate, br', 'Accept': '*/*', 'Connection': 'keep-alive', 'Content-Type': 'application/json', 'Content-Length': '20'} 
 body=b'{"name": "TESTNAME"}' 
 </msg>
<msg timestamp="20221101 21:15:38.756" level="INFO">POST Response : url=https://postman-echo.com/post 
 status=200, reason=OK 
 headers={'Date': 'Tue, 01 Nov 2022 18:15:36 GMT', 'Content-Type': 'application/json; charset=utf-8', 'Content-Length': '423', 'Connection': 'keep-alive', 'ETag': 'W/"1a7-yuvt7WtnDUNwdMBoDBKiGb9jNQo"', 'Vary': 'Accept-Encoding', 'set-cookie': 'sails.sid=s%3AnS6I1-RnB1wgaL5qn7nNoSqdCZoyKxP8.KLZRqwnOtomfru%2FtNhJNv%2FFUIYjQBTf5qQ2papUccEw; Path=/; HttpOnly'} 
 body={"args":{},"data":{"name":"TESTNAME"},"files":{},"form":{},"headers":{"x-forwarded-proto":"https","x-forwarded-port":"443","host":"postman-echo.com","x-amzn-trace-id":"Root=1-63616248-420a330e24fefe3911ca5721","content-length":"20","user-agent":"python-requests/2.26.0","accept-encoding":"gzip, deflate, br","accept":"*/*","content-type":"application/json"},"json":{"name":"TESTNAME"},"url":"https://postman-echo.com/post"} 
 </msg>
<msg timestamp="20221101 21:15:38.756" level="INFO">${postResp} = &lt;Response [200]&gt;</msg>
<status status="PASS" starttime="20221101 21:15:37.021" endtime="20221101 21:15:38.756"/>
</kw>
<kw name="Status Should Be" library="RequestsLibrary">
<arg>200</arg>
<arg>${postResp}</arg>
<doc>Fails if response status code is different than the expected.</doc>
<status status="PASS" starttime="20221101 21:15:38.756" endtime="20221101 21:15:38.756"/>
</kw>
<kw name="Should Be Equal" library="BuiltIn">
<arg>${element['name'].upper()}</arg>
<arg>${postResp.json()['json']['name']}</arg>
<doc>Fails if the given objects are unequal.</doc>
<status status="PASS" starttime="20221101 21:15:38.757" endtime="20221101 21:15:38.758"/>
</kw>
<status status="PASS" starttime="20221101 21:15:37.020" endtime="20221101 21:15:38.758"/>
</iter>
<iter>
<var name="${element}">{'id': 26834801, 'category': {'id': 76, 'name': 'testCategory'}, 'name': 'testName', 'photoUrls': ['ullamco aute', 'mollit amet sint dolor', 'irure ipsum'], 'tags': [{'id': 26, 'name': 'testTag1'}, {'...</var>
<kw name="Create Dictionary" library="BuiltIn">
<var>${body}</var>
<arg>name=${element['name'].upper()}</arg>
<doc>Creates and returns a dictionary based on the given ``items``.</doc>
<msg timestamp="20221101 21:15:38.759" level="INFO">${body} = {'name': 'TESTNAME'}</msg>
<status status="PASS" starttime="20221101 21:15:38.758" endtime="20221101 21:15:38.759"/>
</kw>
<kw name="Create Dictionary" library="BuiltIn">
<var>${header}</var>
<arg>Content-Type=application/json</arg>
<doc>Creates and returns a dictionary based on the given ``items``.</doc>
<msg timestamp="20221101 21:15:38.759" level="INFO">${header} = {'Content-Type': 'application/json'}</msg>
<status status="PASS" starttime="20221101 21:15:38.759" endtime="20221101 21:15:38.759"/>
</kw>
<kw name="POST" library="RequestsLibrary">
<var>${postResp}</var>
<arg>${postman_base_url}/post</arg>
<arg>json=${body}</arg>
<arg>headers=${header}</arg>
<doc>Sends a POST request.</doc>
<msg timestamp="20221101 21:15:40.508" level="INFO">POST Request : url=https://postman-echo.com/post 
 path_url=/post 
 headers={'User-Agent': 'python-requests/2.26.0', 'Accept-Encoding': 'gzip, deflate, br', 'Accept': '*/*', 'Connection': 'keep-alive', 'Content-Type': 'application/json', 'Content-Length': '20'} 
 body=b'{"name": "TESTNAME"}' 
 </msg>
<msg timestamp="20221101 21:15:40.508" level="INFO">POST Response : url=https://postman-echo.com/post 
 status=200, reason=OK 
 headers={'Date': 'Tue, 01 Nov 2022 18:15:38 GMT', 'Content-Type': 'application/json; charset=utf-8', 'Content-Length': '423', 'Connection': 'keep-alive', 'ETag': 'W/"1a7-xgU7SPALgrDZm40aAIy1Pv+/iZQ"', 'Vary': 'Accept-Encoding', 'set-cookie': 'sails.sid=s%3AanCmLdTUgq0yd_TFaBRKhiUTfztJGFdQ.OsGhFlsPgMbZYdrCXMxKksK2aDJYyHNSfrDWcXKT8Hw; Path=/; HttpOnly'} 
 body={"args":{},"data":{"name":"TESTNAME"},"files":{},"form":{},"headers":{"x-forwarded-proto":"https","x-forwarded-port":"443","host":"postman-echo.com","x-amzn-trace-id":"Root=1-6361624a-5e1f3edd33c50f4c7af16496","content-length":"20","user-agent":"python-requests/2.26.0","accept-encoding":"gzip, deflate, br","accept":"*/*","content-type":"application/json"},"json":{"name":"TESTNAME"},"url":"https://postman-echo.com/post"} 
 </msg>
<msg timestamp="20221101 21:15:40.508" level="INFO">${postResp} = &lt;Response [200]&gt;</msg>
<status status="PASS" starttime="20221101 21:15:38.759" endtime="20221101 21:15:40.508"/>
</kw>
<kw name="Status Should Be" library="RequestsLibrary">
<arg>200</arg>
<arg>${postResp}</arg>
<doc>Fails if response status code is different than the expected.</doc>
<status status="PASS" starttime="20221101 21:15:40.509" endtime="20221101 21:15:40.509"/>
</kw>
<kw name="Should Be Equal" library="BuiltIn">
<arg>${element['name'].upper()}</arg>
<arg>${postResp.json()['json']['name']}</arg>
<doc>Fails if the given objects are unequal.</doc>
<status status="PASS" starttime="20221101 21:15:40.509" endtime="20221101 21:15:40.510"/>
</kw>
<status status="PASS" starttime="20221101 21:15:38.758" endtime="20221101 21:15:40.510"/>
</iter>
<iter>
<var name="${element}">{'id': 10151218, 'category': {'id': 76, 'name': 'testCategory'}, 'name': 'testName', 'photoUrls': ['ullamco aute', 'mollit amet sint dolor', 'irure ipsum'], 'tags': [{'id': 26, 'name': 'testTag1'}, {'...</var>
<kw name="Create Dictionary" library="BuiltIn">
<var>${body}</var>
<arg>name=${element['name'].upper()}</arg>
<doc>Creates and returns a dictionary based on the given ``items``.</doc>
<msg timestamp="20221101 21:15:40.512" level="INFO">${body} = {'name': 'TESTNAME'}</msg>
<status status="PASS" starttime="20221101 21:15:40.511" endtime="20221101 21:15:40.512"/>
</kw>
<kw name="Create Dictionary" library="BuiltIn">
<var>${header}</var>
<arg>Content-Type=application/json</arg>
<doc>Creates and returns a dictionary based on the given ``items``.</doc>
<msg timestamp="20221101 21:15:40.512" level="INFO">${header} = {'Content-Type': 'application/json'}</msg>
<status status="PASS" starttime="20221101 21:15:40.512" endtime="20221101 21:15:40.512"/>
</kw>
<kw name="POST" library="RequestsLibrary">
<var>${postResp}</var>
<arg>${postman_base_url}/post</arg>
<arg>json=${body}</arg>
<arg>headers=${header}</arg>
<doc>Sends a POST request.</doc>
<msg timestamp="20221101 21:15:41.921" level="INFO">POST Request : url=https://postman-echo.com/post 
 path_url=/post 
 headers={'User-Agent': 'python-requests/2.26.0', 'Accept-Encoding': 'gzip, deflate, br', 'Accept': '*/*', 'Connection': 'keep-alive', 'Content-Type': 'application/json', 'Content-Length': '20'} 
 body=b'{"name": "TESTNAME"}' 
 </msg>
<msg timestamp="20221101 21:15:41.921" level="INFO">POST Response : url=https://postman-echo.com/post 
 status=200, reason=OK 
 headers={'Date': 'Tue, 01 Nov 2022 18:15:40 GMT', 'Content-Type': 'application/json; charset=utf-8', 'Content-Length': '423', 'Connection': 'keep-alive', 'ETag': 'W/"1a7-rqxLBpwEQBR19h2Yx30ndHVS0iY"', 'Vary': 'Accept-Encoding', 'set-cookie': 'sails.sid=s%3AyB0b7Q78W-zFwm6DHWTtJOouhZtXyaMX.iACI6YTnfBaVdteKydw8ByXbX%2Bx7aggFq%2BoTCEMwXkU; Path=/; HttpOnly'} 
 body={"args":{},"data":{"name":"TESTNAME"},"files":{},"form":{},"headers":{"x-forwarded-proto":"https","x-forwarded-port":"443","host":"postman-echo.com","x-amzn-trace-id":"Root=1-6361624c-4ae266342d7da86c1a532738","content-length":"20","user-agent":"python-requests/2.26.0","accept-encoding":"gzip, deflate, br","accept":"*/*","content-type":"application/json"},"json":{"name":"TESTNAME"},"url":"https://postman-echo.com/post"} 
 </msg>
<msg timestamp="20221101 21:15:41.922" level="INFO">${postResp} = &lt;Response [200]&gt;</msg>
<status status="PASS" starttime="20221101 21:15:40.512" endtime="20221101 21:15:41.922"/>
</kw>
<kw name="Status Should Be" library="RequestsLibrary">
<arg>200</arg>
<arg>${postResp}</arg>
<doc>Fails if response status code is different than the expected.</doc>
<status status="PASS" starttime="20221101 21:15:41.922" endtime="20221101 21:15:41.922"/>
</kw>
<kw name="Should Be Equal" library="BuiltIn">
<arg>${element['name'].upper()}</arg>
<arg>${postResp.json()['json']['name']}</arg>
<doc>Fails if the given objects are unequal.</doc>
<status status="PASS" starttime="20221101 21:15:41.922" endtime="20221101 21:15:41.923"/>
</kw>
<status status="PASS" starttime="20221101 21:15:40.511" endtime="20221101 21:15:41.923"/>
</iter>
<iter>
<var name="${element}">{'id': 29878491, 'category': {'id': 76, 'name': 'testCategory'}, 'name': 'testName', 'photoUrls': ['ullamco aute', 'mollit amet sint dolor', 'irure ipsum'], 'tags': [{'id': 26, 'name': 'testTag1'}, {'...</var>
<kw name="Create Dictionary" library="BuiltIn">
<var>${body}</var>
<arg>name=${element['name'].upper()}</arg>
<doc>Creates and returns a dictionary based on the given ``items``.</doc>
<msg timestamp="20221101 21:15:41.924" level="INFO">${body} = {'name': 'TESTNAME'}</msg>
<status status="PASS" starttime="20221101 21:15:41.924" endtime="20221101 21:15:41.924"/>
</kw>
<kw name="Create Dictionary" library="BuiltIn">
<var>${header}</var>
<arg>Content-Type=application/json</arg>
<doc>Creates and returns a dictionary based on the given ``items``.</doc>
<msg timestamp="20221101 21:15:41.925" level="INFO">${header} = {'Content-Type': 'application/json'}</msg>
<status status="PASS" starttime="20221101 21:15:41.925" endtime="20221101 21:15:41.925"/>
</kw>
<kw name="POST" library="RequestsLibrary">
<var>${postResp}</var>
<arg>${postman_base_url}/post</arg>
<arg>json=${body}</arg>
<arg>headers=${header}</arg>
<doc>Sends a POST request.</doc>
<msg timestamp="20221101 21:15:43.639" level="INFO">POST Request : url=https://postman-echo.com/post 
 path_url=/post 
[...]
<msg timestamp="20221101 21:19:32.989" level="INFO">${body} = {'name': 'TESTNAME'}</msg>
<status status="PASS" starttime="20221101 21:19:32.989" endtime="20221101 21:19:32.989"/>
</kw>
<kw name="Create Dictionary" library="BuiltIn">
<var>${header}</var>
<arg>Content-Type=application/json</arg>
<doc>Creates and returns a dictionary based on the given ``items``.</doc>
<msg timestamp="20221101 21:19:32.990" level="INFO">${header} = {'Content-Type': 'application/json'}</msg>
<status status="PASS" starttime="20221101 21:19:32.989" endtime="20221101 21:19:32.990"/>
</kw>
<kw name="POST" library="RequestsLibrary">
<var>${postResp}</var>
<arg>${postman_base_url}/post</arg>
<arg>json=${body}</arg>
<arg>headers=${header}</arg>
<doc>Sends a POST request.</doc>
<msg timestamp="20221101 21:19:34.278" level="INFO">POST Request : url=https://postman-echo.com/post 
 path_url=/post 
 headers={'User-Agent': 'python-requests/2.26.0', 'Accept-Encoding': 'gzip, deflate, br', 'Accept': '*/*', 'Connection': 'keep-alive', 'Content-Type': 'application/json', 'Content-Length': '20'} 
 body=b'{"name": "TESTNAME"}' 
 </msg>
<msg timestamp="20221101 21:19:34.278" level="INFO">POST Response : url=https://postman-echo.com/post 
 status=200, reason=OK 
 headers={'Date': 'Tue, 01 Nov 2022 18:19:32 GMT', 'Content-Type': 'application/json; charset=utf-8', 'Content-Length': '423', 'Connection': 'keep-alive', 'ETag': 'W/"1a7-ouEXuhPI54XhePE8r3Wd2UkppCA"', 'Vary': 'Accept-Encoding', 'set-cookie': 'sails.sid=s%3AsFxW4jGV1ac_lDHYhNSqiKqKnjjhwcOv.9J%2FyhBJa9NidX0UavILbsctjkP1%2B6wMf1UU0O8lLJ5U; Path=/; HttpOnly'} 
 body={"args":{},"data":{"name":"TESTNAME"},"files":{},"form":{},"headers":{"x-forwarded-proto":"https","x-forwarded-port":"443","host":"postman-echo.com","x-amzn-trace-id":"Root=1-63616334-1a945ea16b0014c41d3542d1","content-length":"20","user-agent":"python-requests/2.26.0","accept-encoding":"gzip, deflate, br","accept":"*/*","content-type":"application/json"},"json":{"name":"TESTNAME"},"url":"https://postman-echo.com/post"} 
 </msg>
<msg timestamp="20221101 21:19:34.278" level="INFO">${postResp} = &lt;Response [200]&gt;</msg>
<status status="PASS" starttime="20221101 21:19:32.990" endtime="20221101 21:19:34.278"/>
</kw>
<kw name="Status Should Be" library="RequestsLibrary">
<arg>200</arg>
<arg>${postResp}</arg>
<doc>Fails if response status code is different than the expected.</doc>
<status status="PASS" starttime="20221101 21:19:34.278" endtime="20221101 21:19:34.279"/>
</kw>
<kw name="Should Be Equal" library="BuiltIn">
<arg>${element['name'].upper()}</arg>
<arg>${postResp.json()['json']['name']}</arg>
<doc>Fails if the given objects are unequal.</doc>
<status status="PASS" starttime="20221101 21:19:34.279" endtime="20221101 21:19:34.279"/>
</kw>
<status status="PASS" starttime="20221101 21:19:32.988" endtime="20221101 21:19:34.279"/>
</iter>
<iter>
<var name="${element}">{'id': 8, 'category': {'id': 11, 'name': '**'}, 'name': '****', 'photoUrls': ['************************'], 'tags': [{'id': 1, 'name': '*'}], 'status': 'available'}</var>
<kw name="Create Dictionary" library="BuiltIn">
<var>${body}</var>
<arg>name=${element['name'].upper()}</arg>
<doc>Creates and returns a dictionary based on the given ``items``.</doc>
<msg timestamp="20221101 21:19:34.280" level="INFO">${body} = {'name': '****'}</msg>
<status status="PASS" starttime="20221101 21:19:34.280" endtime="20221101 21:19:34.280"/>
</kw>
<kw name="Create Dictionary" library="BuiltIn">
<var>${header}</var>
<arg>Content-Type=application/json</arg>
<doc>Creates and returns a dictionary based on the given ``items``.</doc>
<msg timestamp="20221101 21:19:34.280" level="INFO">${header} = {'Content-Type': 'application/json'}</msg>
<status status="PASS" starttime="20221101 21:19:34.280" endtime="20221101 21:19:34.280"/>
</kw>
<kw name="POST" library="RequestsLibrary">
<var>${postResp}</var>
<arg>${postman_base_url}/post</arg>
<arg>json=${body}</arg>
<arg>headers=${header}</arg>
<doc>Sends a POST request.</doc>
<msg timestamp="20221101 21:19:37.301" level="INFO">POST Request : url=https://postman-echo.com/post 
 path_url=/post 
 headers={'User-Agent': 'python-requests/2.26.0', 'Accept-Encoding': 'gzip, deflate, br', 'Accept': '*/*', 'Connection': 'keep-alive', 'Content-Type': 'application/json', 'Content-Length': '16'} 
 body=b'{"name": "****"}' 
 </msg>
<msg timestamp="20221101 21:19:37.302" level="INFO">POST Response : url=https://postman-echo.com/post 
 status=200, reason=OK 
 headers={'Date': 'Tue, 01 Nov 2022 18:19:34 GMT', 'Content-Type': 'application/json; charset=utf-8', 'Content-Length': '415', 'Connection': 'keep-alive', 'ETag': 'W/"19f-b6ttxJfjM7pcxbZ0lJPfpgoGoGo"', 'Vary': 'Accept-Encoding', 'set-cookie': 'sails.sid=s%3Aa0rIKC5ZyCxlCyY2437lI8ad3cwELAKX.uK4BhPSVSnaefYrc8oNXFNwCCL8hJQ9TiI05uz6uNjU; Path=/; HttpOnly'} 
 body={"args":{},"data":{"name":"****"},"files":{},"form":{},"headers":{"x-forwarded-proto":"https","x-forwarded-port":"443","host":"postman-echo.com","x-amzn-trace-id":"Root=1-63616336-2a047bac1f4a1bf637cee6ed","content-length":"16","user-agent":"python-requests/2.26.0","accept-encoding":"gzip, deflate, br","accept":"*/*","content-type":"application/json"},"json":{"name":"****"},"url":"https://postman-echo.com/post"} 
 </msg>
<msg timestamp="20221101 21:19:37.302" level="INFO">${postResp} = &lt;Response [200]&gt;</msg>
<status status="PASS" starttime="20221101 21:19:34.280" endtime="20221101 21:19:37.302"/>
</kw>
<kw name="Status Should Be" library="RequestsLibrary">
<arg>200</arg>
<arg>${postResp}</arg>
<doc>Fails if response status code is different than the expected.</doc>
<status status="PASS" starttime="20221101 21:19:37.302" endtime="20221101 21:19:37.302"/>
</kw>
<kw name="Should Be Equal" library="BuiltIn">
<arg>${element['name'].upper()}</arg>
<arg>${postResp.json()['json']['name']}</arg>
<doc>Fails if the given objects are unequal.</doc>
<status status="PASS" starttime="20221101 21:19:37.302" endtime="20221101 21:19:37.303"/>
</kw>
<status status="PASS" starttime="20221101 21:19:34.279" endtime="20221101 21:19:37.304"/>
</iter>
<iter>
<var name="${element}">{'id': 20, 'category': {'id': 1, 'name': 'Dogs'}, 'name': 'Hina', 'photoUrls': ['string'], 'tags': [{'id': 0, 'name': 'string'}], 'status': 'available'}</var>
<kw name="Create Dictionary" library="BuiltIn">
<var>${body}</var>
<arg>name=${element['name'].upper()}</arg>
<doc>Creates and returns a dictionary based on the given ``items``.</doc>
<msg timestamp="20221101 21:19:37.305" level="INFO">${body} = {'name': 'HINA'}</msg>
<status status="PASS" starttime="20221101 21:19:37.304" endtime="20221101 21:19:37.305"/>
</kw>
<kw name="Create Dictionary" library="BuiltIn">
<var>${header}</var>
<arg>Content-Type=application/json</arg>
<doc>Creates and returns a dictionary based on the given ``items``.</doc>
<msg timestamp="20221101 21:19:37.305" level="INFO">${header} = {'Content-Type': 'application/json'}</msg>
<status status="PASS" starttime="20221101 21:19:37.305" endtime="20221101 21:19:37.305"/>
</kw>
<kw name="POST" library="RequestsLibrary">
<var>${postResp}</var>
<arg>${postman_base_url}/post</arg>
<arg>json=${body}</arg>
<arg>headers=${header}</arg>
<doc>Sends a POST request.</doc>
<msg timestamp="20221101 21:19:39.721" level="INFO">POST Request : url=https://postman-echo.com/post 
 path_url=/post 
 headers={'User-Agent': 'python-requests/2.26.0', 'Accept-Encoding': 'gzip, deflate, br', 'Accept': '*/*', 'Connection': 'keep-alive', 'Content-Type': 'application/json', 'Content-Length': '16'} 
 body=b'{"name": "HINA"}' 
 </msg>
<msg timestamp="20221101 21:19:39.721" level="INFO">POST Response : url=https://postman-echo.com/post 
 status=200, reason=OK 
 headers={'Date': 'Tue, 01 Nov 2022 18:19:37 GMT', 'Content-Type': 'application/json; charset=utf-8', 'Content-Length': '415', 'Connection': 'keep-alive', 'ETag': 'W/"19f-LV+961spDLxNs7M2U87M7CZ5zmw"', 'Vary': 'Accept-Encoding', 'set-cookie': 'sails.sid=s%3Aiutr5xizvWhmDl5MoubWsPdjNOsR7sL_.w40pxGj6Z%2FyULN%2FbBiQbkNpkSqYy0IGrLxtsjaIE7Hw; Path=/; HttpOnly'} 
 body={"args":{},"data":{"name":"HINA"},"files":{},"form":{},"headers":{"x-forwarded-proto":"https","x-forwarded-port":"443","host":"postman-echo.com","x-amzn-trace-id":"Root=1-63616339-27326edb0f9cadfb441ed355","content-length":"16","user-agent":"python-requests/2.26.0","accept-encoding":"gzip, deflate, br","accept":"*/*","content-type":"application/json"},"json":{"name":"HINA"},"url":"https://postman-echo.com/post"} 
 </msg>
<msg timestamp="20221101 21:19:39.721" level="INFO">${postResp} = &lt;Response [200]&gt;</msg>
<status status="PASS" starttime="20221101 21:19:37.305" endtime="20221101 21:19:39.721"/>
</kw>
<kw name="Status Should Be" library="RequestsLibrary">
<arg>200</arg>
<arg>${postResp}</arg>
<doc>Fails if response status code is different than the expected.</doc>
<status status="PASS" starttime="20221101 21:19:39.721" endtime="20221101 21:19:39.722"/>
</kw>
<kw name="Should Be Equal" library="BuiltIn">
<arg>${element['name'].upper()}</arg>
<arg>${postResp.json()['json']['name']}</arg>
<doc>Fails if the given objects are unequal.</doc>
<status status="PASS" starttime="20221101 21:19:39.722" endtime="20221101 21:19:39.723"/>
</kw>
<status status="PASS" starttime="20221101 21:19:37.304" endtime="20221101 21:19:39.723"/>
</iter>
<iter>
<var name="${element}">{'id': 11, 'category': {'id': 1, 'name': 'Dogs'}, 'name': 'Petr', 'photoUrls': ['gkggkg'], 'tags': [{'id': 0, 'name': 'hvjhjhg'}], 'status': 'available'}</var>
<kw name="Create Dictionary" library="BuiltIn">
<var>${body}</var>
<arg>name=${element['name'].upper()}</arg>
<doc>Creates and returns a dictionary based on the given ``items``.</doc>
<msg timestamp="20221101 21:19:39.724" level="INFO">${body} = {'name': 'PETR'}</msg>
<status status="PASS" starttime="20221101 21:19:39.723" endtime="20221101 21:19:39.724"/>
</kw>
<kw name="Create Dictionary" library="BuiltIn">
<var>${header}</var>
<arg>Content-Type=application/json</arg>
<doc>Creates and returns a dictionary based on the given ``items``.</doc>
<msg timestamp="20221101 21:19:39.724" level="INFO">${header} = {'Content-Type': 'application/json'}</msg>
<status status="PASS" starttime="20221101 21:19:39.724" endtime="20221101 21:19:39.724"/>
</kw>
<kw name="POST" library="RequestsLibrary">
<var>${postResp}</var>
<arg>${postman_base_url}/post</arg>
<arg>json=${body}</arg>
<arg>headers=${header}</arg>
<doc>Sends a POST request.</doc>
<msg timestamp="20221101 21:19:40.943" level="INFO">POST Request : url=https://postman-echo.com/post 
 path_url=/post 
 headers={'User-Agent': 'python-requests/2.26.0', 'Accept-Encoding': 'gzip, deflate, br', 'Accept': '*/*', 'Connection': 'keep-alive', 'Content-Type': 'application/json', 'Content-Length': '16'} 
 body=b'{"name": "PETR"}' 
 </msg>
<msg timestamp="20221101 21:19:40.943" level="INFO">POST Response : url=https://postman-echo.com/post 
 status=200, reason=OK 
 headers={'Date': 'Tue, 01 Nov 2022 18:19:39 GMT', 'Content-Type': 'application/json; charset=utf-8', 'Content-Length': '415', 'Connection': 'keep-alive', 'ETag': 'W/"19f-FMW7+FahcorCtNCp4OrePBil26Y"', 'Vary': 'Accept-Encoding', 'set-cookie': 'sails.sid=s%3AHAH8PJ4SNP24vJxg3WbJs-ODxPyPh398.nZLfkk7XBRj0Nr85nBzjWipDhAah%2BnFceacSSK4YIGw; Path=/; HttpOnly'} 
 body={"args":{},"data":{"name":"PETR"},"files":{},"form":{},"headers":{"x-forwarded-proto":"https","x-forwarded-port":"443","host":"postman-echo.com","x-amzn-trace-id":"Root=1-6361633b-322a7fb269a2d54878cbb4f4","content-length":"16","user-agent":"python-requests/2.26.0","accept-encoding":"gzip, deflate, br","accept":"*/*","content-type":"application/json"},"json":{"name":"PETR"},"url":"https://postman-echo.com/post"} 
 </msg>
<msg timestamp="20221101 21:19:40.943" level="INFO">${postResp} = &lt;Response [200]&gt;</msg>
<status status="PASS" starttime="20221101 21:19:39.725" endtime="20221101 21:19:40.943"/>
</kw>
<kw name="Status Should Be" library="RequestsLibrary">
<arg>200</arg>
<arg>${postResp}</arg>
<doc>Fails if response status code is different than the expected.</doc>
<status status="PASS" starttime="20221101 21:19:40.944" endtime="20221101 21:19:40.944"/>
</kw>
<kw name="Should Be Equal" library="BuiltIn">
<arg>${element['name'].upper()}</arg>
<arg>${postResp.json()['json']['name']}</arg>
<doc>Fails if the given objects are unequal.</doc>
<status status="PASS" starttime="20221101 21:19:40.944" endtime="20221101 21:19:40.945"/>
</kw>
<status status="PASS" starttime="20221101 21:19:39.723" endtime="20221101 21:19:40.945"/>
</iter>
<iter>
<var name="${element}">{'id': 325, 'category': {'id': 325, 'name': 'OpenAPI30'}, 'name': 'OpenAPI30', 'photoUrls': ['string'], 'tags': [{'id': 325, 'name': 'OpenAPI30'}], 'status': 'available'}</var>
<kw name="Create Dictionary" library="BuiltIn">
<var>${body}</var>
<arg>name=${element['name'].upper()}</arg>
<doc>Creates and returns a dictionary based on the given ``items``.</doc>
<msg timestamp="20221101 21:19:40.946" level="INFO">${body} = {'name': 'OPENAPI30'}</msg>
<status status="PASS" starttime="20221101 21:19:40.946" endtime="20221101 21:19:40.946"/>
</kw>
<kw name="Create Dictionary" library="BuiltIn">
<var>${header}</var>
<arg>Content-Type=application/json</arg>
<doc>Creates and returns a dictionary based on the given ``items``.</doc>
<msg timestamp="20221101 21:19:40.947" level="INFO">${header} = {'Content-Type': 'application/json'}</msg>
<status status="PASS" starttime="20221101 21:19:40.946" endtime="20221101 21:19:40.947"/>
</kw>
<kw name="POST" library="RequestsLibrary">
<var>${postResp}</var>
<arg>${postman_base_url}/post</arg>
<arg>json=${body}</arg>
<arg>headers=${header}</arg>
<doc>Sends a POST request.</doc>
<msg timestamp="20221101 21:19:42.479" level="INFO">POST Request : url=https://postman-echo.com/post 
 path_url=/post 
 headers={'User-Agent': 'python-requests/2.26.0', 'Accept-Encoding': 'gzip, deflate, br', 'Accept': '*/*', 'Connection': 'keep-alive', 'Content-Type': 'application/json', 'Content-Length': '21'} 
 body=b'{"name": "OPENAPI30"}' 
 </msg>
<msg timestamp="20221101 21:19:42.479" level="INFO">POST Response : url=https://postman-echo.com/post 
 status=200, reason=OK 
 headers={'Date': 'Tue, 01 Nov 2022 18:19:40 GMT', 'Content-Type': 'application/json; charset=utf-8', 'Content-Length': '425', 'Connection': 'keep-alive', 'ETag': 'W/"1a9-C32UyuAC2KUiQ6fAFLY/7QLBpZY"', 'Vary': 'Accept-Encoding', 'set-cookie': 'sails.sid=s%3A2vGyPejYJLkXdyCrdmcodX35XOiM8H0a.KetayWgbIC7p%2BvJNiapemfzkC8TDykiPUhUTTYAGWok; Path=/; HttpOnly'} 
 body={"args":{},"data":{"name":"OPENAPI30"},"files":{},"form":{},"headers":{"x-forwarded-proto":"https","x-forwarded-port":"443","host":"postman-echo.com","x-amzn-trace-id":"Root=1-6361633c-413980e878f887cc5c81bc5e","content-length":"21","user-agent":"python-requests/2.26.0","accept-encoding":"gzip, deflate, br","accept":"*/*","content-type":"application/json"},"json":{"name":"OPENAPI30"},"url":"https://postman-echo.com/post"} 
 </msg>
<msg timestamp="20221101 21:19:42.479" level="INFO">${postResp} = &lt;Response [200]&gt;</msg>
<status status="PASS" starttime="20221101 21:19:40.947" endtime="20221101 21:19:42.479"/>
</kw>
<kw name="Status Should Be" library="RequestsLibrary">
<arg>200</arg>
<arg>${postResp}</arg>
<doc>Fails if response status code is different than the expected.</doc>
<status status="PASS" starttime="20221101 21:19:42.480" endtime="20221101 21:19:42.480"/>
</kw>
<kw name="Should Be Equal" library="BuiltIn">
<arg>${element['name'].upper()}</arg>
<arg>${postResp.json()['json']['name']}</arg>
<doc>Fails if the given objects are unequal.</doc>
<status status="PASS" starttime="20221101 21:19:42.480" endtime="20221101 21:19:42.481"/>
</kw>
<status status="PASS" starttime="20221101 21:19:40.945" endtime="20221101 21:19:42.481"/>
</iter>
<iter>
<var name="${element}">{'id': 10, 'category': {'id': 1, 'name': 'Dogs'}, 'name': 'doggie', 'photoUrls': ['string'], 'tags': [{'id': 0, 'name': 'string'}], 'status': 'available'}</var>
<kw name="Create Dictionary" library="BuiltIn">
<var>${body}</var>
<arg>name=${element['name'].upper()}</arg>
<doc>Creates and returns a dictionary based on the given ``items``.</doc>
<msg timestamp="20221101 21:19:42.482" level="INFO">${body} = {'name': 'DOGGIE'}</msg>
<status status="PASS" starttime="20221101 21:19:42.481" endtime="20221101 21:19:42.482"/>
</kw>
<kw name="Create Dictionary" library="BuiltIn">
<var>${header}</var>
<arg>Content-Type=application/json</arg>
<doc>Creates and returns a dictionary based on the given ``items``.</doc>
<msg timestamp="20221101 21:19:42.483" level="INFO">${header} = {'Content-Type': 'application/json'}</msg>
<status status="PASS" starttime="20221101 21:19:42.482" endtime="20221101 21:19:42.483"/>
</kw>
<kw name="POST" library="RequestsLibrary">
<var>${postResp}</var>
<arg>${postman_base_url}/post</arg>
<arg>json=${body}</arg>
<arg>headers=${header}</arg>
<doc>Sends a POST request.</doc>
<msg timestamp="20221101 21:19:44.199" level="INFO">POST Request : url=https://postman-echo.com/post 
 path_url=/post 
 headers={'User-Agent': 'python-requests/2.26.0', 'Accept-Encoding': 'gzip, deflate, br', 'Accept': '*/*', 'Connection': 'keep-alive', 'Content-Type': 'application/json', 'Content-Length': '18'} 
 body=b'{"name": "DOGGIE"}' 
 </msg>
<msg timestamp="20221101 21:19:44.199" level="INFO">POST Response : url=https://postman-echo.com/post 
 status=200, reason=OK 
 headers={'Date': 'Tue, 01 Nov 2022 18:19:42 GMT', 'Content-Type': 'application/json; charset=utf-8', 'Content-Length': '419', 'Connection': 'keep-alive', 'ETag': 'W/"1a3-SflAs3ONHpE7JtwwbuyWtdz15lA"', 'Vary': 'Accept-Encoding', 'set-cookie': 'sails.sid=s%3Arx-XaFW8TyferZYHkN1kW8SfExymZKYd.FDH9KWqMP8dSy98Y6EFNgmdGUJg4X6ne7ZO9ylvUqwI; Path=/; HttpOnly'} 
 body={"args":{},"data":{"name":"DOGGIE"},"files":{},"form":{},"headers":{"x-forwarded-proto":"https","x-forwarded-port":"443","host":"postman-echo.com","x-amzn-trace-id":"Root=1-6361633e-49f6a18d4dfca846036a21e6","content-length":"18","user-agent":"python-requests/2.26.0","accept-encoding":"gzip, deflate, br","accept":"*/*","content-type":"application/json"},"json":{"name":"DOGGIE"},"url":"https://postman-echo.com/post"} 
 </msg>
<msg timestamp="20221101 21:19:44.199" level="INFO">${postResp} = &lt;Response [200]&gt;</msg>
<status status="PASS" starttime="20221101 21:19:42.483" endtime="20221101 21:19:44.199"/>
</kw>
<kw name="Status Should Be" library="RequestsLibrary">
<arg>200</arg>
<arg>${postResp}</arg>
<doc>Fails if response status code is different than the expected.</doc>
<status status="PASS" starttime="20221101 21:19:44.199" endtime="20221101 21:19:44.199"/>
</kw>
<kw name="Should Be Equal" library="BuiltIn">
<arg>${element['name'].upper()}</arg>
<arg>${postResp.json()['json']['name']}</arg>
<doc>Fails if the given objects are unequal.</doc>
<status status="PASS" starttime="20221101 21:19:44.199" endtime="20221101 21:19:44.201"/>
</kw>
<status status="PASS" starttime="20221101 21:19:42.481" endtime="20221101 21:19:44.201"/>
</iter>
<status status="PASS" starttime="20221101 21:14:45.019" endtime="20221101 21:19:44.201"/>
</for>
<kw name="close session" type="TEARDOWN">
<kw name="Delete All Sessions" library="RequestsLibrary">
<doc>Removes all the session objects</doc>
<msg timestamp="20221101 21:19:44.201" level="INFO">Deleting All Sessions</msg>
<status status="PASS" starttime="20221101 21:19:44.201" endtime="20221101 21:19:44.202"/>
</kw>
<status status="PASS" starttime="20221101 21:19:44.201" endtime="20221101 21:19:44.202"/>
</kw>
<status status="PASS" starttime="20221101 21:14:41.177" endtime="20221101 21:19:44.202"/>
</test>
<status status="PASS" starttime="20221101 21:14:41.079" endtime="20221101 21:19:44.203"/>
</suite>
<statistics>
<total>
<stat pass="1" fail="0" skip="0">All Tests</stat>
</total>
<tag>
</tag>
<suite>
<stat pass="1" fail="0" skip="0" id="s1" name="Api">Api</stat>
</suite>
</statistics>
<errors>
</errors>
</robot>
